CRITICAL - 2021-08-19 00:53:34 --> Invalid file: main.php
#0 C:\xampp\htdocs\v1\vendor\codeigniter4\framework\system\View\View.php(213): CodeIgniter\Exceptions\FrameworkException::forInvalidFile('main.php')
#1 C:\xampp\htdocs\v1\vendor\codeigniter4\framework\system\Common.php(1271): CodeIgniter\View\View->render('main', Array, true)
#2 C:\xampp\htdocs\v1\app\Controllers\Front\Home.php(10): view('main')
#3 C:\xampp\htdocs\v1\vendor\codeigniter4\framework\system\CodeIgniter.php(928): App\Controllers\Front\Home->index()
#4 C:\xampp\htdocs\v1\vendor\codeigniter4\framework\system\CodeIgniter.php(436): CodeIgniter\CodeIgniter->runController(Object(App\Controllers\Front\Home))
#5 C:\xampp\htdocs\v1\vendor\codeigniter4\framework\system\CodeIgniter.php(336): CodeIgniter\CodeIgniter->handleRequest(NULL, Object(Config\Cache), false)
#6 C:\xampp\htdocs\v1\public\index.php(37): CodeIgniter\CodeIgniter->run()
#7 {main}
CRITICAL - 2021-08-19 10:33:39 --> View themes, no current section.
#0 C:\laragon\www\v1\app\Views\home.php(208): CodeIgniter\View\View->endSection()
#1 C:\laragon\www\v1\vendor\codeigniter4\framework\system\View\View.php(230): include('C:\\laragon\\www\\...')
#2 C:\laragon\www\v1\vendor\codeigniter4\framework\system\View\View.php(232): CodeIgniter\View\View->CodeIgniter\View\{closure}()
#3 C:\laragon\www\v1\vendor\codeigniter4\framework\system\Common.php(1271): CodeIgniter\View\View->render('home', Array, true)
#4 C:\laragon\www\v1\app\Controllers\Front\Home.php(10): view('home')
#5 C:\laragon\www\v1\vendor\codeigniter4\framework\system\CodeIgniter.php(928): App\Controllers\Front\Home->index()
#6 C:\laragon\www\v1\vendor\codeigniter4\framework\system\CodeIgniter.php(436): CodeIgniter\CodeIgniter->runController(Object(App\Controllers\Front\Home))
#7 C:\laragon\www\v1\vendor\codeigniter4\framework\system\CodeIgniter.php(336): CodeIgniter\CodeIgniter->handleRequest(NULL, Object(Config\Cache), false)
#8 C:\laragon\www\v1\public\index.php(37): CodeIgniter\CodeIgniter->run()
#9 {main}
CRITICAL - 2021-08-19 10:35:58 --> Invalid file: main.php
#0 C:\laragon\www\v1\vendor\codeigniter4\framework\system\View\View.php(213): CodeIgniter\Exceptions\FrameworkException::forInvalidFile('main.php')
#1 C:\laragon\www\v1\vendor\codeigniter4\framework\system\Common.php(1271): CodeIgniter\View\View->render('main', Array, true)
#2 C:\laragon\www\v1\app\Controllers\Front\Home.php(10): view('main')
#3 C:\laragon\www\v1\vendor\codeigniter4\framework\system\CodeIgniter.php(928): App\Controllers\Front\Home->index()
#4 C:\laragon\www\v1\vendor\codeigniter4\framework\system\CodeIgniter.php(436): CodeIgniter\CodeIgniter->runController(Object(App\Controllers\Front\Home))
#5 C:\laragon\www\v1\vendor\codeigniter4\framework\system\CodeIgniter.php(336): CodeIgniter\CodeIgniter->handleRequest(NULL, Object(Config\Cache), false)
#6 C:\laragon\www\v1\public\index.php(37): CodeIgniter\CodeIgniter->run()
#7 {main}
CRITICAL - 2021-08-19 10:56:02 --> Invalid file: footer.php
#0 C:\laragon\www\v1\vendor\codeigniter4\framework\system\View\View.php(213): CodeIgniter\Exceptions\FrameworkException::forInvalidFile('footer.php')
#1 C:\laragon\www\v1\vendor\codeigniter4\framework\system\View\View.php(487): CodeIgniter\View\View->render('footer', NULL, true)
#2 C:\laragon\www\v1\app\Views\front\main.php(14): CodeIgniter\View\View->include('footer')
#3 C:\laragon\www\v1\vendor\codeigniter4\framework\system\View\View.php(230): include('C:\\laragon\\www\\...')
#4 C:\laragon\www\v1\vendor\codeigniter4\framework\system\View\View.php(232): CodeIgniter\View\View->CodeIgniter\View\{closure}()
#5 C:\laragon\www\v1\vendor\codeigniter4\framework\system\View\View.php(246): CodeIgniter\View\View->render('front/main', Array, true)
#6 C:\laragon\www\v1\vendor\codeigniter4\framework\system\Common.php(1271): CodeIgniter\View\View->render('Front/home', Array, true)
#7 C:\laragon\www\v1\app\Controllers\Front\Home.php(10): view('Front/home')
#8 C:\laragon\www\v1\vendor\codeigniter4\framework\system\CodeIgniter.php(928): App\Controllers\Front\Home->index()
#9 C:\laragon\www\v1\vendor\codeigniter4\framework\system\CodeIgniter.php(436): CodeIgniter\CodeIgniter->runController(Object(App\Controllers\Front\Home))
#10 C:\laragon\www\v1\vendor\codeigniter4\framework\system\CodeIgniter.php(336): CodeIgniter\CodeIgniter->handleRequest(NULL, Object(Config\Cache), false)
#11 C:\laragon\www\v1\public\index.php(37): CodeIgniter\CodeIgniter->run()
#12 {main}
CRITICAL - 2021-08-19 10:59:36 --> Invalid file: header.php
#0 C:\laragon\www\v1\vendor\codeigniter4\framework\system\View\View.php(213): CodeIgniter\Exceptions\FrameworkException::forInvalidFile('header.php')
#1 C:\laragon\www\v1\vendor\codeigniter4\framework\system\View\View.php(487): CodeIgniter\View\View->render('header', NULL, true)
#2 C:\laragon\www\v1\app\Views\front\main.php(12): CodeIgniter\View\View->include('header')
#3 C:\laragon\www\v1\vendor\codeigniter4\framework\system\View\View.php(230): include('C:\\laragon\\www\\...')
#4 C:\laragon\www\v1\vendor\codeigniter4\framework\system\View\View.php(232): CodeIgniter\View\View->CodeIgniter\View\{closure}()
#5 C:\laragon\www\v1\vendor\codeigniter4\framework\system\View\View.php(246): CodeIgniter\View\View->render('front/main', Array, true)
#6 C:\laragon\www\v1\vendor\codeigniter4\framework\system\Common.php(1271): CodeIgniter\View\View->render('Front/home', Array, true)
#7 C:\laragon\www\v1\app\Controllers\Front\Home.php(10): view('Front/home')
#8 C:\laragon\www\v1\vendor\codeigniter4\framework\system\CodeIgniter.php(928): App\Controllers\Front\Home->index()
#9 C:\laragon\www\v1\vendor\codeigniter4\framework\system\CodeIgniter.php(436): CodeIgniter\CodeIgniter->runController(Object(App\Controllers\Front\Home))
#10 C:\laragon\www\v1\vendor\codeigniter4\framework\system\CodeIgniter.php(336): CodeIgniter\CodeIgniter->handleRequest(NULL, Object(Config\Cache), false)
#11 C:\laragon\www\v1\public\index.php(37): CodeIgniter\CodeIgniter->run()
#12 {main}
CRITICAL - 2021-08-19 11:10:11 --> Invalid file: header.php
#0 C:\laragon\www\v1\vendor\codeigniter4\framework\system\View\View.php(213): CodeIgniter\Exceptions\FrameworkException::forInvalidFile('header.php')
#1 C:\laragon\www\v1\vendor\codeigniter4\framework\system\View\View.php(487): CodeIgniter\View\View->render('header', NULL, true)
#2 C:\laragon\www\v1\app\Views\front\home.php(7): CodeIgniter\View\View->include('header')
#3 C:\laragon\www\v1\vendor\codeigniter4\framework\system\View\View.php(230): include('C:\\laragon\\www\\...')
#4 C:\laragon\www\v1\vendor\codeigniter4\framework\system\View\View.php(232): CodeIgniter\View\View->CodeIgniter\View\{closure}()
#5 C:\laragon\www\v1\vendor\codeigniter4\framework\system\Common.php(1271): CodeIgniter\View\View->render('Front/home', Array, true)
#6 C:\laragon\www\v1\app\Controllers\Front\Home.php(10): view('Front/home')
#7 C:\laragon\www\v1\vendor\codeigniter4\framework\system\CodeIgniter.php(928): App\Controllers\Front\Home->index()
#8 C:\laragon\www\v1\vendor\codeigniter4\framework\system\CodeIgniter.php(436): CodeIgniter\CodeIgniter->runController(Object(App\Controllers\Front\Home))
#9 C:\laragon\www\v1\vendor\codeigniter4\framework\system\CodeIgniter.php(336): CodeIgniter\CodeIgniter->handleRequest(NULL, Object(Config\Cache), false)
#10 C:\laragon\www\v1\public\index.php(37): CodeIgniter\CodeIgniter->run()
#11 {main}
CRITICAL - 2021-08-19 11:19:38 --> Invalid file: header.php
#0 C:\laragon\www\v1\vendor\codeigniter4\framework\system\View\View.php(213): CodeIgniter\Exceptions\FrameworkException::forInvalidFile('header.php')
#1 C:\laragon\www\v1\vendor\codeigniter4\framework\system\View\View.php(487): CodeIgniter\View\View->render('header', NULL, true)
#2 C:\laragon\www\v1\app\Views\front\main.php(1): CodeIgniter\View\View->include('header')
#3 C:\laragon\www\v1\vendor\codeigniter4\framework\system\View\View.php(230): include('C:\\laragon\\www\\...')
#4 C:\laragon\www\v1\vendor\codeigniter4\framework\system\View\View.php(232): CodeIgniter\View\View->CodeIgniter\View\{closure}()
#5 C:\laragon\www\v1\vendor\codeigniter4\framework\system\Common.php(1271): CodeIgniter\View\View->render('front/main', Array, true)
#6 C:\laragon\www\v1\app\Controllers\Front\Home.php(11): view('front/main')
#7 C:\laragon\www\v1\vendor\codeigniter4\framework\system\CodeIgniter.php(928): App\Controllers\Front\Home->index()
#8 C:\laragon\www\v1\vendor\codeigniter4\framework\system\CodeIgniter.php(436): CodeIgniter\CodeIgniter->runController(Object(App\Controllers\Front\Home))
#9 C:\laragon\www\v1\vendor\codeigniter4\framework\system\CodeIgniter.php(336): CodeIgniter\CodeIgniter->handleRequest(NULL, Object(Config\Cache), false)
#10 C:\laragon\www\v1\public\index.php(37): CodeIgniter\CodeIgniter->run()
#11 {main}
CRITICAL - 2021-08-19 11:20:10 --> Allowed memory size of 536870912 bytes exhausted (tried to allocate 32768 bytes)
#0 [internal function]: CodeIgniter\Debug\Exceptions->shutdownHandler()
#1 {main}
CRITICAL - 2021-08-19 11:20:57 --> Invalid file: content.php
#0 C:\laragon\www\v1\vendor\codeigniter4\framework\system\View\View.php(213): CodeIgniter\Exceptions\FrameworkException::forInvalidFile('content.php')
#1 C:\laragon\www\v1\vendor\codeigniter4\framework\system\View\View.php(487): CodeIgniter\View\View->render('content', NULL, true)
#2 C:\laragon\www\v1\app\Views\front\main.php(15): CodeIgniter\View\View->include('content')
#3 C:\laragon\www\v1\vendor\codeigniter4\framework\system\View\View.php(230): include('C:\\laragon\\www\\...')
#4 C:\laragon\www\v1\vendor\codeigniter4\framework\system\View\View.php(232): CodeIgniter\View\View->CodeIgniter\View\{closure}()
#5 C:\laragon\www\v1\vendor\codeigniter4\framework\system\Common.php(1271): CodeIgniter\View\View->render('front/main', Array, true)
#6 C:\laragon\www\v1\app\Controllers\Front\Home.php(11): view('front/main')
#7 C:\laragon\www\v1\vendor\codeigniter4\framework\system\CodeIgniter.php(928): App\Controllers\Front\Home->index()
#8 C:\laragon\www\v1\vendor\codeigniter4\framework\system\CodeIgniter.php(436): CodeIgniter\CodeIgniter->runController(Object(App\Controllers\Front\Home))
#9 C:\laragon\www\v1\vendor\codeigniter4\framework\system\CodeIgniter.php(336): CodeIgniter\CodeIgniter->handleRequest(NULL, Object(Config\Cache), false)
#10 C:\laragon\www\v1\public\index.php(37): CodeIgniter\CodeIgniter->run()
#11 {main}
CRITICAL - 2021-08-19 11:21:31 --> Allowed memory size of 536870912 bytes exhausted (tried to allocate 20480 bytes)
#0 [internal function]: CodeIgniter\Debug\Exceptions->shutdownHandler()
#1 {main}
CRITICAL - 2021-08-19 11:22:27 --> Invalid file: front/home.php
#0 C:\laragon\www\v1\vendor\codeigniter4\framework\system\View\View.php(213): CodeIgniter\Exceptions\FrameworkException::forInvalidFile('front/home.php')
#1 C:\laragon\www\v1\vendor\codeigniter4\framework\system\Common.php(1271): CodeIgniter\View\View->render('front/home', Array, true)
#2 C:\laragon\www\v1\app\Controllers\Front\Home.php(11): view('front/home')
#3 C:\laragon\www\v1\vendor\codeigniter4\framework\system\CodeIgniter.php(928): App\Controllers\Front\Home->index()
#4 C:\laragon\www\v1\vendor\codeigniter4\framework\system\CodeIgniter.php(436): CodeIgniter\CodeIgniter->runController(Object(App\Controllers\Front\Home))
#5 C:\laragon\www\v1\vendor\codeigniter4\framework\system\CodeIgniter.php(336): CodeIgniter\CodeIgniter->handleRequest(NULL, Object(Config\Cache), false)
#6 C:\laragon\www\v1\public\index.php(37): CodeIgniter\CodeIgniter->run()
#7 {main}
CRITICAL - 2021-08-19 12:15:22 --> Allowed memory size of 536870912 bytes exhausted (tried to allocate 60833792 bytes)
#0 [internal function]: CodeIgniter\Debug\Exceptions->shutdownHandler()
#1 {main}
CRITICAL - 2021-08-19 12:27:03 --> Cannot declare class App\Libraries\ViewComponents, because the name is already in use
#0 [internal function]: CodeIgniter\Debug\Exceptions->shutdownHandler()
#1 {main}
CRITICAL - 2021-08-19 12:37:07 --> Unable to locate view cell class: App\Libraries\Componentes.
#0 C:\laragon\www\v1\vendor\codeigniter4\framework\system\View\Cell.php(240): CodeIgniter\View\Exceptions\ViewException::forInvalidCellClass('App\\Libraries\\C...')
#1 C:\laragon\www\v1\vendor\codeigniter4\framework\system\View\Cell.php(81): CodeIgniter\View\Cell->determineClass('App\\Libraries\\C...')
#2 C:\laragon\www\v1\vendor\codeigniter4\framework\system\Common.php(1292): CodeIgniter\View\Cell->render('App\\Libraries\\C...', NULL, 0, NULL)
#3 C:\laragon\www\v1\app\Views\front\main.php(17): view_cell('App\\Libraries\\C...')
#4 C:\laragon\www\v1\vendor\codeigniter4\framework\system\View\View.php(230): include('C:\\laragon\\www\\...')
#5 C:\laragon\www\v1\vendor\codeigniter4\framework\system\View\View.php(232): CodeIgniter\View\View->CodeIgniter\View\{closure}()
#6 C:\laragon\www\v1\vendor\codeigniter4\framework\system\View\View.php(246): CodeIgniter\View\View->render('front/main', Array, true)
#7 C:\laragon\www\v1\vendor\codeigniter4\framework\system\Common.php(1271): CodeIgniter\View\View->render('home', Array, true)
#8 C:\laragon\www\v1\app\Controllers\Front\Home.php(11): view('home')
#9 C:\laragon\www\v1\vendor\codeigniter4\framework\system\CodeIgniter.php(928): App\Controllers\Front\Home->index()
#10 C:\laragon\www\v1\vendor\codeigniter4\framework\system\CodeIgniter.php(436): CodeIgniter\CodeIgniter->runController(Object(App\Controllers\Front\Home))
#11 C:\laragon\www\v1\vendor\codeigniter4\framework\system\CodeIgniter.php(336): CodeIgniter\CodeIgniter->handleRequest(NULL, Object(Config\Cache), false)
#12 C:\laragon\www\v1\public\index.php(37): CodeIgniter\CodeIgniter->run()
#13 {main}
CRITICAL - 2021-08-19 12:39:12 --> Invalid file: Component/header.php
#0 C:\laragon\www\v1\vendor\codeigniter4\framework\system\View\View.php(213): CodeIgniter\Exceptions\FrameworkException::forInvalidFile('Component/heade...')
#1 C:\laragon\www\v1\vendor\codeigniter4\framework\system\Common.php(1271): CodeIgniter\View\View->render('Component/heade...', Array, true)
#2 C:\laragon\www\v1\app\Libraries\Components.php(8): view('Component/heade...')
#3 C:\laragon\www\v1\vendor\codeigniter4\framework\system\View\Cell.php(120): App\Libraries\Components->getHeader()
#4 C:\laragon\www\v1\vendor\codeigniter4\framework\system\Common.php(1292): CodeIgniter\View\Cell->render('App\\Libraries\\C...', NULL, 0, 'AppLibrariesCom...')
#5 C:\laragon\www\v1\app\Views\front\main.php(14): view_cell('App\\Libraries\\C...')
#6 C:\laragon\www\v1\vendor\codeigniter4\framework\system\View\View.php(230): include('C:\\laragon\\www\\...')
#7 C:\laragon\www\v1\vendor\codeigniter4\framework\system\View\View.php(232): CodeIgniter\View\View->CodeIgniter\View\{closure}()
#8 C:\laragon\www\v1\vendor\codeigniter4\framework\system\View\View.php(246): CodeIgniter\View\View->render('front/main', Array, true)
#9 C:\laragon\www\v1\vendor\codeigniter4\framework\system\Common.php(1271): CodeIgniter\View\View->render('home', Array, true)
#10 C:\laragon\www\v1\app\Controllers\Front\Home.php(11): view('home')
#11 C:\laragon\www\v1\vendor\codeigniter4\framework\system\CodeIgniter.php(928): App\Controllers\Front\Home->index()
#12 C:\laragon\www\v1\vendor\codeigniter4\framework\system\CodeIgniter.php(436): CodeIgniter\CodeIgniter->runController(Object(App\Controllers\Front\Home))
#13 C:\laragon\www\v1\vendor\codeigniter4\framework\system\CodeIgniter.php(336): CodeIgniter\CodeIgniter->handleRequest(NULL, Object(Config\Cache), false)
#14 C:\laragon\www\v1\public\index.php(37): CodeIgniter\CodeIgniter->run()
#15 {main}
