CRITICAL - 2021-09-08 09:31:15 --> requiered is not a valid rule.
#0 C:\laragon\www\v1\vendor\codeigniter4\framework\system\Validation\Validation.php(321): CodeIgniter\Validation\Exceptions\ValidationException::forRuleNotFound('requiered')
#1 C:\laragon\www\v1\vendor\codeigniter4\framework\system\Validation\Validation.php(159): CodeIgniter\Validation\Validation->processRules('email', 'email', 'c@centrogeo.edu...', Array, Array)
#2 C:\laragon\www\v1\app\Controllers\Auth\Register.php(31): CodeIgniter\Validation\Validation->run()
#3 C:\laragon\www\v1\vendor\codeigniter4\framework\system\CodeIgniter.php(928): App\Controllers\Auth\Register->store()
#4 C:\laragon\www\v1\vendor\codeigniter4\framework\system\CodeIgniter.php(436): CodeIgniter\CodeIgniter->runController(Object(App\Controllers\Auth\Register))
#5 C:\laragon\www\v1\vendor\codeigniter4\framework\system\CodeIgniter.php(336): CodeIgniter\CodeIgniter->handleRequest(NULL, Object(Config\Cache), false)
#6 C:\laragon\www\v1\public\index.php(37): CodeIgniter\CodeIgniter->run()
#7 {main}
CRITICAL - 2021-09-08 12:22:35 --> Undefined property: App\Controllers\Auth\Register::$configs
#0 C:\laragon\www\v1\app\Controllers\Auth\Register.php(42): CodeIgniter\Debug\Exceptions->errorHandler(8, 'Undefined prope...', 'C:\\laragon\\www\\...', 42, Array)
#1 C:\laragon\www\v1\vendor\codeigniter4\framework\system\CodeIgniter.php(928): App\Controllers\Auth\Register->store()
#2 C:\laragon\www\v1\vendor\codeigniter4\framework\system\CodeIgniter.php(436): CodeIgniter\CodeIgniter->runController(Object(App\Controllers\Auth\Register))
#3 C:\laragon\www\v1\vendor\codeigniter4\framework\system\CodeIgniter.php(336): CodeIgniter\CodeIgniter->handleRequest(NULL, Object(Config\Cache), false)
#4 C:\laragon\www\v1\public\index.php(37): CodeIgniter\CodeIgniter->run()
#5 {main}
ERROR - 2021-09-08 12:25:59 --> Cannot add or update a child row: a foreign key constraint fails (`usuarios`.`users_info`, CONSTRAINT `FK1Users_to_usersinfo` FOREIGN KEY (`users_id`) REFERENCES `users` (`id`) ON DELETE CASCADE ON UPDATE CASCADE)
CRITICAL - 2021-09-08 12:25:59 --> Cannot add or update a child row: a foreign key constraint fails (`usuarios`.`users_info`, CONSTRAINT `FK1Users_to_usersinfo` FOREIGN KEY (`users_id`) REFERENCES `users` (`id`) ON DELETE CASCADE ON UPDATE CASCADE)
#0 C:\laragon\www\v1\vendor\codeigniter4\framework\system\Database\MySQLi\Connection.php(329): mysqli->query('INSERT INTO `us...')
#1 C:\laragon\www\v1\vendor\codeigniter4\framework\system\Database\BaseConnection.php(732): CodeIgniter\Database\MySQLi\Connection->execute('INSERT INTO `us...')
#2 C:\laragon\www\v1\vendor\codeigniter4\framework\system\Database\BaseConnection.php(647): CodeIgniter\Database\BaseConnection->simpleQuery('INSERT INTO `us...')
#3 C:\laragon\www\v1\vendor\codeigniter4\framework\system\Database\BaseBuilder.php(2277): CodeIgniter\Database\BaseConnection->query('INSERT INTO `us...', Array, false)
#4 C:\laragon\www\v1\vendor\codeigniter4\framework\system\Model.php(259): CodeIgniter\Database\BaseBuilder->insert()
#5 C:\laragon\www\v1\vendor\codeigniter4\framework\system\BaseModel.php(774): CodeIgniter\Model->doInsert(Array)
#6 C:\laragon\www\v1\vendor\codeigniter4\framework\system\Model.php(686): CodeIgniter\BaseModel->insert(Array, true)
#7 C:\laragon\www\v1\app\Models\UserModel.php(39): CodeIgniter\Model->insert(Object(App\Entities\UserInfo))
#8 C:\laragon\www\v1\vendor\codeigniter4\framework\system\BaseModel.php(1541): App\Models\UserModel->storeUserInfo(Array)
#9 C:\laragon\www\v1\vendor\codeigniter4\framework\system\BaseModel.php(785): CodeIgniter\BaseModel->trigger('afterInsert', Array)
#10 C:\laragon\www\v1\vendor\codeigniter4\framework\system\Model.php(686): CodeIgniter\BaseModel->insert(Array, false)
#11 C:\laragon\www\v1\vendor\codeigniter4\framework\system\BaseModel.php(687): CodeIgniter\Model->insert(Object(App\Entities\User), false)
#12 C:\laragon\www\v1\app\Controllers\Auth\Register.php(55): CodeIgniter\BaseModel->save(Object(App\Entities\User))
#13 C:\laragon\www\v1\vendor\codeigniter4\framework\system\CodeIgniter.php(928): App\Controllers\Auth\Register->store()
#14 C:\laragon\www\v1\vendor\codeigniter4\framework\system\CodeIgniter.php(436): CodeIgniter\CodeIgniter->runController(Object(App\Controllers\Auth\Register))
#15 C:\laragon\www\v1\vendor\codeigniter4\framework\system\CodeIgniter.php(336): CodeIgniter\CodeIgniter->handleRequest(NULL, Object(Config\Cache), false)
#16 C:\laragon\www\v1\public\index.php(37): CodeIgniter\CodeIgniter->run()
#17 {main}
ERROR - 2021-09-08 12:28:59 --> Cannot add or update a child row: a foreign key constraint fails (`usuarios`.`users_info`, CONSTRAINT `FK1Users_to_usersinfo` FOREIGN KEY (`users_id`) REFERENCES `users` (`id`) ON DELETE CASCADE ON UPDATE CASCADE)
CRITICAL - 2021-09-08 12:28:59 --> Cannot add or update a child row: a foreign key constraint fails (`usuarios`.`users_info`, CONSTRAINT `FK1Users_to_usersinfo` FOREIGN KEY (`users_id`) REFERENCES `users` (`id`) ON DELETE CASCADE ON UPDATE CASCADE)
#0 C:\laragon\www\v1\vendor\codeigniter4\framework\system\Database\MySQLi\Connection.php(329): mysqli->query('INSERT INTO `us...')
#1 C:\laragon\www\v1\vendor\codeigniter4\framework\system\Database\BaseConnection.php(732): CodeIgniter\Database\MySQLi\Connection->execute('INSERT INTO `us...')
#2 C:\laragon\www\v1\vendor\codeigniter4\framework\system\Database\BaseConnection.php(647): CodeIgniter\Database\BaseConnection->simpleQuery('INSERT INTO `us...')
#3 C:\laragon\www\v1\vendor\codeigniter4\framework\system\Database\BaseBuilder.php(2277): CodeIgniter\Database\BaseConnection->query('INSERT INTO `us...', Array, false)
#4 C:\laragon\www\v1\vendor\codeigniter4\framework\system\Model.php(259): CodeIgniter\Database\BaseBuilder->insert()
#5 C:\laragon\www\v1\vendor\codeigniter4\framework\system\BaseModel.php(774): CodeIgniter\Model->doInsert(Array)
#6 C:\laragon\www\v1\vendor\codeigniter4\framework\system\Model.php(686): CodeIgniter\BaseModel->insert(Array, true)
#7 C:\laragon\www\v1\app\Models\UserModel.php(39): CodeIgniter\Model->insert(Object(App\Entities\UserInfo))
#8 C:\laragon\www\v1\vendor\codeigniter4\framework\system\BaseModel.php(1541): App\Models\UserModel->storeUserInfo(Array)
#9 C:\laragon\www\v1\vendor\codeigniter4\framework\system\BaseModel.php(785): CodeIgniter\BaseModel->trigger('afterInsert', Array)
#10 C:\laragon\www\v1\vendor\codeigniter4\framework\system\Model.php(686): CodeIgniter\BaseModel->insert(Array, false)
#11 C:\laragon\www\v1\vendor\codeigniter4\framework\system\BaseModel.php(687): CodeIgniter\Model->insert(Object(App\Entities\User), false)
#12 C:\laragon\www\v1\app\Controllers\Auth\Register.php(55): CodeIgniter\BaseModel->save(Object(App\Entities\User))
#13 C:\laragon\www\v1\vendor\codeigniter4\framework\system\CodeIgniter.php(928): App\Controllers\Auth\Register->store()
#14 C:\laragon\www\v1\vendor\codeigniter4\framework\system\CodeIgniter.php(436): CodeIgniter\CodeIgniter->runController(Object(App\Controllers\Auth\Register))
#15 C:\laragon\www\v1\vendor\codeigniter4\framework\system\CodeIgniter.php(336): CodeIgniter\CodeIgniter->handleRequest(NULL, Object(Config\Cache), false)
#16 C:\laragon\www\v1\public\index.php(37): CodeIgniter\CodeIgniter->run()
#17 {main}
CRITICAL - 2021-09-08 12:37:28 -->  route cannot be found while reverse-routing.
#0 C:\laragon\www\v1\vendor\codeigniter4\framework\system\HTTP\RedirectResponse.php(64): CodeIgniter\HTTP\Exceptions\HTTPException::forInvalidRedirectRoute('')
#1 C:\laragon\www\v1\vendor\codeigniter4\framework\system\Common.php(972): CodeIgniter\HTTP\RedirectResponse->route(false)
#2 C:\laragon\www\v1\app\Controllers\Auth\Register.php(57): redirect('/Auth/login')
#3 C:\laragon\www\v1\vendor\codeigniter4\framework\system\CodeIgniter.php(928): App\Controllers\Auth\Register->store()
#4 C:\laragon\www\v1\vendor\codeigniter4\framework\system\CodeIgniter.php(436): CodeIgniter\CodeIgniter->runController(Object(App\Controllers\Auth\Register))
#5 C:\laragon\www\v1\vendor\codeigniter4\framework\system\CodeIgniter.php(336): CodeIgniter\CodeIgniter->handleRequest(NULL, Object(Config\Cache), false)
#6 C:\laragon\www\v1\public\index.php(37): CodeIgniter\CodeIgniter->run()
#7 {main}
