CRITICAL - 2021-09-10 11:57:07 --> Invalid file: Components/headerUsuer.php
#0 C:\laragon\www\v1\vendor\codeigniter4\framework\system\View\View.php(213): CodeIgniter\Exceptions\FrameworkException::forInvalidFile('Components/head...')
#1 C:\laragon\www\v1\vendor\codeigniter4\framework\system\Common.php(1271): CodeIgniter\View\View->render('Components/head...', Array, true)
#2 C:\laragon\www\v1\app\Libraries\Components.php(15): view('Components/head...')
#3 C:\laragon\www\v1\vendor\codeigniter4\framework\system\View\Cell.php(120): App\Libraries\Components->getHeaderUser()
#4 C:\laragon\www\v1\vendor\codeigniter4\framework\system\Common.php(1292): CodeIgniter\View\Cell->render('App\\Libraries\\C...', NULL, 0, 'AppLibrariesCom...')
#5 C:\laragon\www\v1\app\Views\vista_reg.php(14): view_cell('App\\Libraries\\C...')
#6 C:\laragon\www\v1\vendor\codeigniter4\framework\system\View\View.php(230): include('C:\\laragon\\www\\...')
#7 C:\laragon\www\v1\vendor\codeigniter4\framework\system\View\View.php(232): CodeIgniter\View\View->CodeIgniter\View\{closure}()
#8 C:\laragon\www\v1\vendor\codeigniter4\framework\system\Common.php(1271): CodeIgniter\View\View->render('vista_reg', Array, true)
#9 C:\laragon\www\v1\app\Controllers\Auth\login.php(52): view('vista_reg')
#10 C:\laragon\www\v1\vendor\codeigniter4\framework\system\CodeIgniter.php(928): App\Controllers\Auth\login->sigin()
#11 C:\laragon\www\v1\vendor\codeigniter4\framework\system\CodeIgniter.php(436): CodeIgniter\CodeIgniter->runController(Object(App\Controllers\Auth\login))
#12 C:\laragon\www\v1\vendor\codeigniter4\framework\system\CodeIgniter.php(336): CodeIgniter\CodeIgniter->handleRequest(NULL, Object(Config\Cache), false)
#13 C:\laragon\www\v1\public\index.php(37): CodeIgniter\CodeIgniter->run()
#14 {main}
CRITICAL - 2021-09-10 11:57:53 --> strpos(): Empty needle
#0 [internal function]: CodeIgniter\Debug\Exceptions->errorHandler(2, 'strpos(): Empty...', 'C:\\laragon\\www\\...', 1236, Array)
#1 C:\laragon\www\v1\vendor\codeigniter4\framework\system\Router\RouteCollection.php(1236): strpos('App\\Controllers...', '')
#2 C:\laragon\www\v1\vendor\codeigniter4\framework\system\Common.php(1033): CodeIgniter\Router\RouteCollection->reverseRoute('')
#3 C:\laragon\www\v1\app\Views\Components\headeruser.php(26): route_to('')
#4 C:\laragon\www\v1\vendor\codeigniter4\framework\system\View\View.php(230): include('C:\\laragon\\www\\...')
#5 C:\laragon\www\v1\vendor\codeigniter4\framework\system\View\View.php(232): CodeIgniter\View\View->CodeIgniter\View\{closure}()
#6 C:\laragon\www\v1\vendor\codeigniter4\framework\system\Common.php(1271): CodeIgniter\View\View->render('Components/head...', Array, true)
#7 C:\laragon\www\v1\app\Libraries\Components.php(15): view('Components/head...')
#8 C:\laragon\www\v1\vendor\codeigniter4\framework\system\View\Cell.php(120): App\Libraries\Components->getHeaderUser()
#9 C:\laragon\www\v1\vendor\codeigniter4\framework\system\Common.php(1292): CodeIgniter\View\Cell->render('App\\Libraries\\C...', NULL, 0, 'AppLibrariesCom...')
#10 C:\laragon\www\v1\app\Views\vista_reg.php(14): view_cell('App\\Libraries\\C...')
#11 C:\laragon\www\v1\vendor\codeigniter4\framework\system\View\View.php(230): include('C:\\laragon\\www\\...')
#12 C:\laragon\www\v1\vendor\codeigniter4\framework\system\View\View.php(232): CodeIgniter\View\View->CodeIgniter\View\{closure}()
#13 C:\laragon\www\v1\vendor\codeigniter4\framework\system\Common.php(1271): CodeIgniter\View\View->render('vista_reg', Array, true)
#14 C:\laragon\www\v1\app\Controllers\Auth\login.php(52): view('vista_reg')
#15 C:\laragon\www\v1\vendor\codeigniter4\framework\system\CodeIgniter.php(928): App\Controllers\Auth\login->sigin()
#16 C:\laragon\www\v1\vendor\codeigniter4\framework\system\CodeIgniter.php(436): CodeIgniter\CodeIgniter->runController(Object(App\Controllers\Auth\login))
#17 C:\laragon\www\v1\vendor\codeigniter4\framework\system\CodeIgniter.php(336): CodeIgniter\CodeIgniter->handleRequest(NULL, Object(Config\Cache), false)
#18 C:\laragon\www\v1\public\index.php(37): CodeIgniter\CodeIgniter->run()
#19 {main}
CRITICAL - 2021-09-10 16:30:34 --> strpos(): Empty needle
#0 [internal function]: CodeIgniter\Debug\Exceptions->errorHandler(2, 'strpos(): Empty...', 'C:\\laragon\\www\\...', 1236, Array)
#1 C:\laragon\www\v1\vendor\codeigniter4\framework\system\Router\RouteCollection.php(1236): strpos('App\\Controllers...', '')
#2 C:\laragon\www\v1\vendor\codeigniter4\framework\system\Common.php(1033): CodeIgniter\Router\RouteCollection->reverseRoute('')
#3 C:\laragon\www\v1\app\Views\Components\headeruser.php(26): route_to('')
#4 C:\laragon\www\v1\vendor\codeigniter4\framework\system\View\View.php(230): include('C:\\laragon\\www\\...')
#5 C:\laragon\www\v1\vendor\codeigniter4\framework\system\View\View.php(232): CodeIgniter\View\View->CodeIgniter\View\{closure}()
#6 C:\laragon\www\v1\vendor\codeigniter4\framework\system\Common.php(1271): CodeIgniter\View\View->render('Components/head...', Array, true)
#7 C:\laragon\www\v1\app\Libraries\Components.php(15): view('Components/head...')
#8 C:\laragon\www\v1\vendor\codeigniter4\framework\system\View\Cell.php(120): App\Libraries\Components->getHeaderUser()
#9 C:\laragon\www\v1\vendor\codeigniter4\framework\system\Common.php(1292): CodeIgniter\View\Cell->render('App\\Libraries\\C...', NULL, 0, 'AppLibrariesCom...')
#10 C:\laragon\www\v1\app\Views\vista_reg.php(14): view_cell('App\\Libraries\\C...')
#11 C:\laragon\www\v1\vendor\codeigniter4\framework\system\View\View.php(230): include('C:\\laragon\\www\\...')
#12 C:\laragon\www\v1\vendor\codeigniter4\framework\system\View\View.php(232): CodeIgniter\View\View->CodeIgniter\View\{closure}()
#13 C:\laragon\www\v1\vendor\codeigniter4\framework\system\Common.php(1271): CodeIgniter\View\View->render('vista_reg', Array, true)
#14 C:\laragon\www\v1\app\Controllers\Auth\login.php(52): view('vista_reg')
#15 C:\laragon\www\v1\vendor\codeigniter4\framework\system\CodeIgniter.php(928): App\Controllers\Auth\login->sigin()
#16 C:\laragon\www\v1\vendor\codeigniter4\framework\system\CodeIgniter.php(436): CodeIgniter\CodeIgniter->runController(Object(App\Controllers\Auth\login))
#17 C:\laragon\www\v1\vendor\codeigniter4\framework\system\CodeIgniter.php(336): CodeIgniter\CodeIgniter->handleRequest(NULL, Object(Config\Cache), false)
#18 C:\laragon\www\v1\public\index.php(37): CodeIgniter\CodeIgniter->run()
#19 {main}
CRITICAL - 2021-09-10 16:39:41 --> strpos(): Empty needle
#0 [internal function]: CodeIgniter\Debug\Exceptions->errorHandler(2, 'strpos(): Empty...', 'C:\\laragon\\www\\...', 1236, Array)
#1 C:\laragon\www\v1\vendor\codeigniter4\framework\system\Router\RouteCollection.php(1236): strpos('App\\Controllers...', '')
#2 C:\laragon\www\v1\vendor\codeigniter4\framework\system\Common.php(1033): CodeIgniter\Router\RouteCollection->reverseRoute('')
#3 C:\laragon\www\v1\app\Views\Components\headeruser.php(26): route_to('')
#4 C:\laragon\www\v1\vendor\codeigniter4\framework\system\View\View.php(230): include('C:\\laragon\\www\\...')
#5 C:\laragon\www\v1\vendor\codeigniter4\framework\system\View\View.php(232): CodeIgniter\View\View->CodeIgniter\View\{closure}()
#6 C:\laragon\www\v1\vendor\codeigniter4\framework\system\Common.php(1271): CodeIgniter\View\View->render('Components/head...', Array, true)
#7 C:\laragon\www\v1\app\Libraries\Components.php(15): view('Components/head...')
#8 C:\laragon\www\v1\vendor\codeigniter4\framework\system\View\Cell.php(120): App\Libraries\Components->getHeaderUser()
#9 C:\laragon\www\v1\vendor\codeigniter4\framework\system\Common.php(1292): CodeIgniter\View\Cell->render('App\\Libraries\\C...', NULL, 0, 'AppLibrariesCom...')
#10 C:\laragon\www\v1\app\Views\vista_reg.php(14): view_cell('App\\Libraries\\C...')
#11 C:\laragon\www\v1\vendor\codeigniter4\framework\system\View\View.php(230): include('C:\\laragon\\www\\...')
#12 C:\laragon\www\v1\vendor\codeigniter4\framework\system\View\View.php(232): CodeIgniter\View\View->CodeIgniter\View\{closure}()
#13 C:\laragon\www\v1\vendor\codeigniter4\framework\system\Common.php(1271): CodeIgniter\View\View->render('vista_reg', Array, true)
#14 C:\laragon\www\v1\app\Controllers\Auth\login.php(52): view('vista_reg')
#15 C:\laragon\www\v1\vendor\codeigniter4\framework\system\CodeIgniter.php(928): App\Controllers\Auth\login->sigin()
#16 C:\laragon\www\v1\vendor\codeigniter4\framework\system\CodeIgniter.php(436): CodeIgniter\CodeIgniter->runController(Object(App\Controllers\Auth\login))
#17 C:\laragon\www\v1\vendor\codeigniter4\framework\system\CodeIgniter.php(336): CodeIgniter\CodeIgniter->handleRequest(NULL, Object(Config\Cache), false)
#18 C:\laragon\www\v1\public\index.php(37): CodeIgniter\CodeIgniter->run()
#19 {main}
CRITICAL - 2021-09-10 16:41:06 --> App\Libraries\Components:: getHeaderUser is not a valid method.
#0 C:\laragon\www\v1\vendor\codeigniter4\framework\system\View\Cell.php(103): CodeIgniter\View\Exceptions\ViewException::forInvalidCellMethod('App\\Libraries\\C...', ' getHeaderUser')
#1 C:\laragon\www\v1\vendor\codeigniter4\framework\system\Common.php(1292): CodeIgniter\View\Cell->render('App\\Libraries\\C...', NULL, 0, 'AppLibrariesCom...')
#2 C:\laragon\www\v1\app\Views\vista_reg.php(14): view_cell('App\\Libraries\\C...')
#3 C:\laragon\www\v1\vendor\codeigniter4\framework\system\View\View.php(230): include('C:\\laragon\\www\\...')
#4 C:\laragon\www\v1\vendor\codeigniter4\framework\system\View\View.php(232): CodeIgniter\View\View->CodeIgniter\View\{closure}()
#5 C:\laragon\www\v1\vendor\codeigniter4\framework\system\Common.php(1271): CodeIgniter\View\View->render('vista_reg', Array, true)
#6 C:\laragon\www\v1\app\Controllers\Auth\login.php(52): view('vista_reg')
#7 C:\laragon\www\v1\vendor\codeigniter4\framework\system\CodeIgniter.php(928): App\Controllers\Auth\login->sigin()
#8 C:\laragon\www\v1\vendor\codeigniter4\framework\system\CodeIgniter.php(436): CodeIgniter\CodeIgniter->runController(Object(App\Controllers\Auth\login))
#9 C:\laragon\www\v1\vendor\codeigniter4\framework\system\CodeIgniter.php(336): CodeIgniter\CodeIgniter->handleRequest(NULL, Object(Config\Cache), false)
#10 C:\laragon\www\v1\public\index.php(37): CodeIgniter\CodeIgniter->run()
#11 {main}
CRITICAL - 2021-09-10 16:41:31 --> strpos(): Empty needle
#0 [internal function]: CodeIgniter\Debug\Exceptions->errorHandler(2, 'strpos(): Empty...', 'C:\\laragon\\www\\...', 1236, Array)
#1 C:\laragon\www\v1\vendor\codeigniter4\framework\system\Router\RouteCollection.php(1236): strpos('App\\Controllers...', '')
#2 C:\laragon\www\v1\vendor\codeigniter4\framework\system\Common.php(1033): CodeIgniter\Router\RouteCollection->reverseRoute('')
#3 C:\laragon\www\v1\app\Views\Components\headeruser.php(26): route_to('')
#4 C:\laragon\www\v1\vendor\codeigniter4\framework\system\View\View.php(230): include('C:\\laragon\\www\\...')
#5 C:\laragon\www\v1\vendor\codeigniter4\framework\system\View\View.php(232): CodeIgniter\View\View->CodeIgniter\View\{closure}()
#6 C:\laragon\www\v1\vendor\codeigniter4\framework\system\Common.php(1271): CodeIgniter\View\View->render('Components/head...', Array, true)
#7 C:\laragon\www\v1\app\Libraries\Components.php(15): view('Components/head...')
#8 C:\laragon\www\v1\vendor\codeigniter4\framework\system\View\Cell.php(120): App\Libraries\Components->getHeaderUser()
#9 C:\laragon\www\v1\vendor\codeigniter4\framework\system\Common.php(1292): CodeIgniter\View\Cell->render('App\\Libraries\\C...', NULL, 0, 'AppLibrariesCom...')
#10 C:\laragon\www\v1\app\Views\vista_reg.php(14): view_cell('App\\Libraries\\C...')
#11 C:\laragon\www\v1\vendor\codeigniter4\framework\system\View\View.php(230): include('C:\\laragon\\www\\...')
#12 C:\laragon\www\v1\vendor\codeigniter4\framework\system\View\View.php(232): CodeIgniter\View\View->CodeIgniter\View\{closure}()
#13 C:\laragon\www\v1\vendor\codeigniter4\framework\system\Common.php(1271): CodeIgniter\View\View->render('vista_reg', Array, true)
#14 C:\laragon\www\v1\app\Controllers\Auth\login.php(52): view('vista_reg')
#15 C:\laragon\www\v1\vendor\codeigniter4\framework\system\CodeIgniter.php(928): App\Controllers\Auth\login->sigin()
#16 C:\laragon\www\v1\vendor\codeigniter4\framework\system\CodeIgniter.php(436): CodeIgniter\CodeIgniter->runController(Object(App\Controllers\Auth\login))
#17 C:\laragon\www\v1\vendor\codeigniter4\framework\system\CodeIgniter.php(336): CodeIgniter\CodeIgniter->handleRequest(NULL, Object(Config\Cache), false)
#18 C:\laragon\www\v1\public\index.php(37): CodeIgniter\CodeIgniter->run()
#19 {main}
CRITICAL - 2021-09-10 16:55:33 --> App\Libraries\Components::getHeadUser is not a valid method.
#0 C:\laragon\www\v1\vendor\codeigniter4\framework\system\View\Cell.php(103): CodeIgniter\View\Exceptions\ViewException::forInvalidCellMethod('App\\Libraries\\C...', 'getHeadUser')
#1 C:\laragon\www\v1\vendor\codeigniter4\framework\system\Common.php(1292): CodeIgniter\View\Cell->render('App\\Libraries\\C...', NULL, 0, 'AppLibrariesCom...')
#2 C:\laragon\www\v1\app\Views\vista_reg.php(19): view_cell('App\\Libraries\\C...')
#3 C:\laragon\www\v1\vendor\codeigniter4\framework\system\View\View.php(230): include('C:\\laragon\\www\\...')
#4 C:\laragon\www\v1\vendor\codeigniter4\framework\system\View\View.php(232): CodeIgniter\View\View->CodeIgniter\View\{closure}()
#5 C:\laragon\www\v1\vendor\codeigniter4\framework\system\Common.php(1271): CodeIgniter\View\View->render('vista_reg', Array, true)
#6 C:\laragon\www\v1\app\Controllers\Auth\login.php(52): view('vista_reg')
#7 C:\laragon\www\v1\vendor\codeigniter4\framework\system\CodeIgniter.php(928): App\Controllers\Auth\login->sigin()
#8 C:\laragon\www\v1\vendor\codeigniter4\framework\system\CodeIgniter.php(436): CodeIgniter\CodeIgniter->runController(Object(App\Controllers\Auth\login))
#9 C:\laragon\www\v1\vendor\codeigniter4\framework\system\CodeIgniter.php(336): CodeIgniter\CodeIgniter->handleRequest(NULL, Object(Config\Cache), false)
#10 C:\laragon\www\v1\public\index.php(37): CodeIgniter\CodeIgniter->run()
#11 {main}
CRITICAL - 2021-09-10 16:55:58 --> strpos(): Empty needle
#0 [internal function]: CodeIgniter\Debug\Exceptions->errorHandler(2, 'strpos(): Empty...', 'C:\\laragon\\www\\...', 1236, Array)
#1 C:\laragon\www\v1\vendor\codeigniter4\framework\system\Router\RouteCollection.php(1236): strpos('App\\Controllers...', '')
#2 C:\laragon\www\v1\vendor\codeigniter4\framework\system\Common.php(1033): CodeIgniter\Router\RouteCollection->reverseRoute('')
#3 C:\laragon\www\v1\app\Views\Components\menUser.php(26): route_to('')
#4 C:\laragon\www\v1\vendor\codeigniter4\framework\system\View\View.php(230): include('C:\\laragon\\www\\...')
#5 C:\laragon\www\v1\vendor\codeigniter4\framework\system\View\View.php(232): CodeIgniter\View\View->CodeIgniter\View\{closure}()
#6 C:\laragon\www\v1\vendor\codeigniter4\framework\system\Common.php(1271): CodeIgniter\View\View->render('Components/menU...', Array, true)
#7 C:\laragon\www\v1\app\Libraries\Components.php(15): view('Components/menU...')
#8 C:\laragon\www\v1\vendor\codeigniter4\framework\system\View\Cell.php(120): App\Libraries\Components->getHeaderUser()
#9 C:\laragon\www\v1\vendor\codeigniter4\framework\system\Common.php(1292): CodeIgniter\View\Cell->render('App\\Libraries\\C...', NULL, 0, 'AppLibrariesCom...')
#10 C:\laragon\www\v1\app\Views\vista_reg.php(19): view_cell('App\\Libraries\\C...')
#11 C:\laragon\www\v1\vendor\codeigniter4\framework\system\View\View.php(230): include('C:\\laragon\\www\\...')
#12 C:\laragon\www\v1\vendor\codeigniter4\framework\system\View\View.php(232): CodeIgniter\View\View->CodeIgniter\View\{closure}()
#13 C:\laragon\www\v1\vendor\codeigniter4\framework\system\Common.php(1271): CodeIgniter\View\View->render('vista_reg', Array, true)
#14 C:\laragon\www\v1\app\Controllers\Auth\login.php(52): view('vista_reg')
#15 C:\laragon\www\v1\vendor\codeigniter4\framework\system\CodeIgniter.php(928): App\Controllers\Auth\login->sigin()
#16 C:\laragon\www\v1\vendor\codeigniter4\framework\system\CodeIgniter.php(436): CodeIgniter\CodeIgniter->runController(Object(App\Controllers\Auth\login))
#17 C:\laragon\www\v1\vendor\codeigniter4\framework\system\CodeIgniter.php(336): CodeIgniter\CodeIgniter->handleRequest(NULL, Object(Config\Cache), false)
#18 C:\laragon\www\v1\public\index.php(37): CodeIgniter\CodeIgniter->run()
#19 {main}
CRITICAL - 2021-09-10 17:04:33 --> strpos(): Empty needle
#0 [internal function]: CodeIgniter\Debug\Exceptions->errorHandler(2, 'strpos(): Empty...', 'C:\\laragon\\www\\...', 1236, Array)
#1 C:\laragon\www\v1\vendor\codeigniter4\framework\system\Router\RouteCollection.php(1236): strpos('App\\Controllers...', '')
#2 C:\laragon\www\v1\vendor\codeigniter4\framework\system\Common.php(1033): CodeIgniter\Router\RouteCollection->reverseRoute('')
#3 C:\laragon\www\v1\app\Views\Components\menUser.php(26): route_to('')
#4 C:\laragon\www\v1\vendor\codeigniter4\framework\system\View\View.php(230): include('C:\\laragon\\www\\...')
#5 C:\laragon\www\v1\vendor\codeigniter4\framework\system\View\View.php(232): CodeIgniter\View\View->CodeIgniter\View\{closure}()
#6 C:\laragon\www\v1\vendor\codeigniter4\framework\system\Common.php(1271): CodeIgniter\View\View->render('Components/menU...', Array, true)
#7 C:\laragon\www\v1\app\Libraries\Components.php(13): view('Components/menU...')
#8 C:\laragon\www\v1\vendor\codeigniter4\framework\system\View\Cell.php(120): App\Libraries\Components->getHeaderUser()
#9 C:\laragon\www\v1\vendor\codeigniter4\framework\system\Common.php(1292): CodeIgniter\View\Cell->render('App\\Libraries\\C...', NULL, 0, 'AppLibrariesCom...')
#10 C:\laragon\www\v1\app\Views\apartado.php(16): view_cell('App\\Libraries\\C...')
#11 C:\laragon\www\v1\vendor\codeigniter4\framework\system\View\View.php(230): include('C:\\laragon\\www\\...')
#12 C:\laragon\www\v1\vendor\codeigniter4\framework\system\View\View.php(232): CodeIgniter\View\View->CodeIgniter\View\{closure}()
#13 C:\laragon\www\v1\vendor\codeigniter4\framework\system\Common.php(1271): CodeIgniter\View\View->render('apartado', Array, true)
#14 C:\laragon\www\v1\app\Controllers\Auth\login.php(52): view('apartado')
#15 C:\laragon\www\v1\vendor\codeigniter4\framework\system\CodeIgniter.php(928): App\Controllers\Auth\login->sigin()
#16 C:\laragon\www\v1\vendor\codeigniter4\framework\system\CodeIgniter.php(436): CodeIgniter\CodeIgniter->runController(Object(App\Controllers\Auth\login))
#17 C:\laragon\www\v1\vendor\codeigniter4\framework\system\CodeIgniter.php(336): CodeIgniter\CodeIgniter->handleRequest(NULL, Object(Config\Cache), false)
#18 C:\laragon\www\v1\public\index.php(37): CodeIgniter\CodeIgniter->run()
#19 {main}
CRITICAL - 2021-09-10 17:06:41 --> strpos(): Empty needle
#0 [internal function]: CodeIgniter\Debug\Exceptions->errorHandler(2, 'strpos(): Empty...', 'C:\\laragon\\www\\...', 1236, Array)
#1 C:\laragon\www\v1\vendor\codeigniter4\framework\system\Router\RouteCollection.php(1236): strpos('App\\Controllers...', '')
#2 C:\laragon\www\v1\vendor\codeigniter4\framework\system\Common.php(1033): CodeIgniter\Router\RouteCollection->reverseRoute('')
#3 C:\laragon\www\v1\app\Views\Components\menUser.php(26): route_to('')
#4 C:\laragon\www\v1\vendor\codeigniter4\framework\system\View\View.php(230): include('C:\\laragon\\www\\...')
#5 C:\laragon\www\v1\vendor\codeigniter4\framework\system\View\View.php(232): CodeIgniter\View\View->CodeIgniter\View\{closure}()
#6 C:\laragon\www\v1\vendor\codeigniter4\framework\system\Common.php(1271): CodeIgniter\View\View->render('Components/menU...', Array, true)
#7 C:\laragon\www\v1\app\Libraries\Components.php(13): view('Components/menU...')
#8 C:\laragon\www\v1\vendor\codeigniter4\framework\system\View\Cell.php(120): App\Libraries\Components->getHeaderUser()
#9 C:\laragon\www\v1\vendor\codeigniter4\framework\system\Common.php(1292): CodeIgniter\View\Cell->render('App\\Libraries\\C...', NULL, 0, 'AppLibrariesCom...')
#10 C:\laragon\www\v1\app\Views\apartado.php(16): view_cell('App\\Libraries\\C...')
#11 C:\laragon\www\v1\vendor\codeigniter4\framework\system\View\View.php(230): include('C:\\laragon\\www\\...')
#12 C:\laragon\www\v1\vendor\codeigniter4\framework\system\View\View.php(232): CodeIgniter\View\View->CodeIgniter\View\{closure}()
#13 C:\laragon\www\v1\vendor\codeigniter4\framework\system\Common.php(1271): CodeIgniter\View\View->render('apartado', Array, true)
#14 C:\laragon\www\v1\app\Controllers\Auth\login.php(52): view('apartado')
#15 C:\laragon\www\v1\vendor\codeigniter4\framework\system\CodeIgniter.php(928): App\Controllers\Auth\login->sigin()
#16 C:\laragon\www\v1\vendor\codeigniter4\framework\system\CodeIgniter.php(436): CodeIgniter\CodeIgniter->runController(Object(App\Controllers\Auth\login))
#17 C:\laragon\www\v1\vendor\codeigniter4\framework\system\CodeIgniter.php(336): CodeIgniter\CodeIgniter->handleRequest(NULL, Object(Config\Cache), false)
#18 C:\laragon\www\v1\public\index.php(37): CodeIgniter\CodeIgniter->run()
#19 {main}
CRITICAL - 2021-09-10 17:07:50 --> strpos(): Empty needle
#0 [internal function]: CodeIgniter\Debug\Exceptions->errorHandler(2, 'strpos(): Empty...', 'C:\\laragon\\www\\...', 1236, Array)
#1 C:\laragon\www\v1\vendor\codeigniter4\framework\system\Router\RouteCollection.php(1236): strpos('App\\Controllers...', '')
#2 C:\laragon\www\v1\vendor\codeigniter4\framework\system\Common.php(1033): CodeIgniter\Router\RouteCollection->reverseRoute('')
#3 C:\laragon\www\v1\app\Views\Components\menUser.php(26): route_to('')
#4 C:\laragon\www\v1\vendor\codeigniter4\framework\system\View\View.php(230): include('C:\\laragon\\www\\...')
#5 C:\laragon\www\v1\vendor\codeigniter4\framework\system\View\View.php(232): CodeIgniter\View\View->CodeIgniter\View\{closure}()
#6 C:\laragon\www\v1\vendor\codeigniter4\framework\system\Common.php(1271): CodeIgniter\View\View->render('Components/menU...', Array, true)
#7 C:\laragon\www\v1\app\Libraries\Components.php(13): view('Components/menU...')
#8 C:\laragon\www\v1\vendor\codeigniter4\framework\system\View\Cell.php(120): App\Libraries\Components->getHeaderuser()
#9 C:\laragon\www\v1\vendor\codeigniter4\framework\system\Common.php(1292): CodeIgniter\View\Cell->render('App\\Libraries\\C...', NULL, 0, 'AppLibrariesCom...')
#10 C:\laragon\www\v1\app\Views\apartado.php(16): view_cell('App\\Libraries\\C...')
#11 C:\laragon\www\v1\vendor\codeigniter4\framework\system\View\View.php(230): include('C:\\laragon\\www\\...')
#12 C:\laragon\www\v1\vendor\codeigniter4\framework\system\View\View.php(232): CodeIgniter\View\View->CodeIgniter\View\{closure}()
#13 C:\laragon\www\v1\vendor\codeigniter4\framework\system\Common.php(1271): CodeIgniter\View\View->render('apartado', Array, true)
#14 C:\laragon\www\v1\app\Controllers\Auth\login.php(52): view('apartado')
#15 C:\laragon\www\v1\vendor\codeigniter4\framework\system\CodeIgniter.php(928): App\Controllers\Auth\login->sigin()
#16 C:\laragon\www\v1\vendor\codeigniter4\framework\system\CodeIgniter.php(436): CodeIgniter\CodeIgniter->runController(Object(App\Controllers\Auth\login))
#17 C:\laragon\www\v1\vendor\codeigniter4\framework\system\CodeIgniter.php(336): CodeIgniter\CodeIgniter->handleRequest(NULL, Object(Config\Cache), false)
#18 C:\laragon\www\v1\public\index.php(37): CodeIgniter\CodeIgniter->run()
#19 {main}
