CRITICAL - 2021-09-26 21:08:10 --> Cannot declare class App\Models\UserModel, because the name is already in use
#0 [internal function]: CodeIgniter\Debug\Exceptions->shutdownHandler()
#1 {main}
CRITICAL - 2021-09-26 21:08:51 --> Call to undefined method App\Models\CalendarModel::addInfoUser
#0 C:\laragon\www\v1\app\Controllers\dashboard\calendar.php(44): CodeIgniter\Model->__call('addInfoUser', Array)
#1 C:\laragon\www\v1\vendor\codeigniter4\framework\system\CodeIgniter.php(928): App\Controllers\dashboard\calendar->store_apart()
#2 C:\laragon\www\v1\vendor\codeigniter4\framework\system\CodeIgniter.php(436): CodeIgniter\CodeIgniter->runController(Object(App\Controllers\dashboard\calendar))
#3 C:\laragon\www\v1\vendor\codeigniter4\framework\system\CodeIgniter.php(336): CodeIgniter\CodeIgniter->handleRequest(NULL, Object(Config\Cache), false)
#4 C:\laragon\www\v1\public\index.php(37): CodeIgniter\CodeIgniter->run()
#5 {main}
CRITICAL - 2021-09-26 21:17:50 --> Argument 1 passed to App\Models\CalendarModel::addInfoCalendar() must be an instance of App\Entities\UserInfo, instance of App\Entities\EntityCalendar given, called in C:\laragon\www\v1\app\Controllers\dashboard\calendar.php on line 43
#0 C:\laragon\www\v1\app\Controllers\dashboard\calendar.php(43): App\Models\CalendarModel->addInfoCalendar(Object(App\Entities\EntityCalendar))
#1 C:\laragon\www\v1\vendor\codeigniter4\framework\system\CodeIgniter.php(928): App\Controllers\dashboard\calendar->store_apart()
#2 C:\laragon\www\v1\vendor\codeigniter4\framework\system\CodeIgniter.php(436): CodeIgniter\CodeIgniter->runController(Object(App\Controllers\dashboard\calendar))
#3 C:\laragon\www\v1\vendor\codeigniter4\framework\system\CodeIgniter.php(336): CodeIgniter\CodeIgniter->handleRequest(NULL, Object(Config\Cache), false)
#4 C:\laragon\www\v1\public\index.php(37): CodeIgniter\CodeIgniter->run()
#5 {main}
ERROR - 2021-09-26 21:18:38 --> Unknown column 'create_at' in 'field list'
CRITICAL - 2021-09-26 21:18:38 --> Unknown column 'create_at' in 'field list'
#0 C:\laragon\www\v1\vendor\codeigniter4\framework\system\Database\MySQLi\Connection.php(329): mysqli->query('INSERT INTO `ca...')
#1 C:\laragon\www\v1\vendor\codeigniter4\framework\system\Database\BaseConnection.php(732): CodeIgniter\Database\MySQLi\Connection->execute('INSERT INTO `ca...')
#2 C:\laragon\www\v1\vendor\codeigniter4\framework\system\Database\BaseConnection.php(647): CodeIgniter\Database\BaseConnection->simpleQuery('INSERT INTO `ca...')
#3 C:\laragon\www\v1\vendor\codeigniter4\framework\system\Database\BaseBuilder.php(2277): CodeIgniter\Database\BaseConnection->query('INSERT INTO `ca...', Array, false)
#4 C:\laragon\www\v1\vendor\codeigniter4\framework\system\Model.php(259): CodeIgniter\Database\BaseBuilder->insert()
#5 C:\laragon\www\v1\vendor\codeigniter4\framework\system\BaseModel.php(774): CodeIgniter\Model->doInsert(Array)
#6 C:\laragon\www\v1\vendor\codeigniter4\framework\system\Model.php(686): CodeIgniter\BaseModel->insert(Array, false)
#7 C:\laragon\www\v1\vendor\codeigniter4\framework\system\BaseModel.php(687): CodeIgniter\Model->insert(Object(App\Entities\EntityCalendar), false)
#8 C:\laragon\www\v1\app\Controllers\dashboard\calendar.php(44): CodeIgniter\BaseModel->save(Object(App\Entities\EntityCalendar))
#9 C:\laragon\www\v1\vendor\codeigniter4\framework\system\CodeIgniter.php(928): App\Controllers\dashboard\calendar->store_apart()
#10 C:\laragon\www\v1\vendor\codeigniter4\framework\system\CodeIgniter.php(436): CodeIgniter\CodeIgniter->runController(Object(App\Controllers\dashboard\calendar))
#11 C:\laragon\www\v1\vendor\codeigniter4\framework\system\CodeIgniter.php(336): CodeIgniter\CodeIgniter->handleRequest(NULL, Object(Config\Cache), false)
#12 C:\laragon\www\v1\public\index.php(37): CodeIgniter\CodeIgniter->run()
#13 {main}
ERROR - 2021-09-26 21:19:03 --> Cannot add or update a child row: a foreign key constraint fails (`usuarios`.`calendar`, CONSTRAINT `id_user` FOREIGN KEY (`id_user`) REFERENCES `users` (`id`) ON DELETE NO ACTION ON UPDATE NO ACTION)
CRITICAL - 2021-09-26 21:19:03 --> Cannot add or update a child row: a foreign key constraint fails (`usuarios`.`calendar`, CONSTRAINT `id_user` FOREIGN KEY (`id_user`) REFERENCES `users` (`id`) ON DELETE NO ACTION ON UPDATE NO ACTION)
#0 C:\laragon\www\v1\vendor\codeigniter4\framework\system\Database\MySQLi\Connection.php(329): mysqli->query('INSERT INTO `ca...')
#1 C:\laragon\www\v1\vendor\codeigniter4\framework\system\Database\BaseConnection.php(732): CodeIgniter\Database\MySQLi\Connection->execute('INSERT INTO `ca...')
#2 C:\laragon\www\v1\vendor\codeigniter4\framework\system\Database\BaseConnection.php(647): CodeIgniter\Database\BaseConnection->simpleQuery('INSERT INTO `ca...')
#3 C:\laragon\www\v1\vendor\codeigniter4\framework\system\Database\BaseBuilder.php(2277): CodeIgniter\Database\BaseConnection->query('INSERT INTO `ca...', Array, false)
#4 C:\laragon\www\v1\vendor\codeigniter4\framework\system\Model.php(259): CodeIgniter\Database\BaseBuilder->insert()
#5 C:\laragon\www\v1\vendor\codeigniter4\framework\system\BaseModel.php(774): CodeIgniter\Model->doInsert(Array)
#6 C:\laragon\www\v1\vendor\codeigniter4\framework\system\Model.php(686): CodeIgniter\BaseModel->insert(Array, false)
#7 C:\laragon\www\v1\vendor\codeigniter4\framework\system\BaseModel.php(687): CodeIgniter\Model->insert(Object(App\Entities\EntityCalendar), false)
#8 C:\laragon\www\v1\app\Controllers\dashboard\calendar.php(44): CodeIgniter\BaseModel->save(Object(App\Entities\EntityCalendar))
#9 C:\laragon\www\v1\vendor\codeigniter4\framework\system\CodeIgniter.php(928): App\Controllers\dashboard\calendar->store_apart()
#10 C:\laragon\www\v1\vendor\codeigniter4\framework\system\CodeIgniter.php(436): CodeIgniter\CodeIgniter->runController(Object(App\Controllers\dashboard\calendar))
#11 C:\laragon\www\v1\vendor\codeigniter4\framework\system\CodeIgniter.php(336): CodeIgniter\CodeIgniter->handleRequest(NULL, Object(Config\Cache), false)
#12 C:\laragon\www\v1\public\index.php(37): CodeIgniter\CodeIgniter->run()
#13 {main}
ERROR - 2021-09-26 21:31:27 --> Cannot add or update a child row: a foreign key constraint fails (`usuarios`.`calendar`, CONSTRAINT `id_user` FOREIGN KEY (`id_user`) REFERENCES `users` (`id`) ON DELETE NO ACTION ON UPDATE NO ACTION)
CRITICAL - 2021-09-26 21:31:27 --> Cannot add or update a child row: a foreign key constraint fails (`usuarios`.`calendar`, CONSTRAINT `id_user` FOREIGN KEY (`id_user`) REFERENCES `users` (`id`) ON DELETE NO ACTION ON UPDATE NO ACTION)
#0 C:\laragon\www\v1\vendor\codeigniter4\framework\system\Database\MySQLi\Connection.php(329): mysqli->query('INSERT INTO `ca...')
#1 C:\laragon\www\v1\vendor\codeigniter4\framework\system\Database\BaseConnection.php(732): CodeIgniter\Database\MySQLi\Connection->execute('INSERT INTO `ca...')
#2 C:\laragon\www\v1\vendor\codeigniter4\framework\system\Database\BaseConnection.php(647): CodeIgniter\Database\BaseConnection->simpleQuery('INSERT INTO `ca...')
#3 C:\laragon\www\v1\vendor\codeigniter4\framework\system\Database\BaseBuilder.php(2277): CodeIgniter\Database\BaseConnection->query('INSERT INTO `ca...', Array, false)
#4 C:\laragon\www\v1\vendor\codeigniter4\framework\system\Model.php(259): CodeIgniter\Database\BaseBuilder->insert()
#5 C:\laragon\www\v1\vendor\codeigniter4\framework\system\BaseModel.php(774): CodeIgniter\Model->doInsert(Array)
#6 C:\laragon\www\v1\vendor\codeigniter4\framework\system\Model.php(686): CodeIgniter\BaseModel->insert(Array, false)
#7 C:\laragon\www\v1\vendor\codeigniter4\framework\system\BaseModel.php(687): CodeIgniter\Model->insert(Object(App\Entities\EntityCalendar), false)
#8 C:\laragon\www\v1\app\Controllers\dashboard\calendar.php(46): CodeIgniter\BaseModel->save(Object(App\Entities\EntityCalendar))
#9 C:\laragon\www\v1\vendor\codeigniter4\framework\system\CodeIgniter.php(928): App\Controllers\dashboard\calendar->store_apart()
#10 C:\laragon\www\v1\vendor\codeigniter4\framework\system\CodeIgniter.php(436): CodeIgniter\CodeIgniter->runController(Object(App\Controllers\dashboard\calendar))
#11 C:\laragon\www\v1\vendor\codeigniter4\framework\system\CodeIgniter.php(336): CodeIgniter\CodeIgniter->handleRequest(NULL, Object(Config\Cache), false)
#12 C:\laragon\www\v1\public\index.php(37): CodeIgniter\CodeIgniter->run()
#13 {main}
CRITICAL - 2021-09-26 21:32:03 --> Object of class App\Entities\EntityCalendar could not be converted to string
#0 C:\laragon\www\v1\vendor\codeigniter4\framework\system\CodeIgniter.php(928): App\Controllers\dashboard\calendar->store_apart()
#1 C:\laragon\www\v1\vendor\codeigniter4\framework\system\CodeIgniter.php(436): CodeIgniter\CodeIgniter->runController(Object(App\Controllers\dashboard\calendar))
#2 C:\laragon\www\v1\vendor\codeigniter4\framework\system\CodeIgniter.php(336): CodeIgniter\CodeIgniter->handleRequest(NULL, Object(Config\Cache), false)
#3 C:\laragon\www\v1\public\index.php(37): CodeIgniter\CodeIgniter->run()
#4 {main}
CRITICAL - 2021-09-26 21:39:02 --> Undefined property: App\Controllers\dashboard\calendar::$session
#0 C:\laragon\www\v1\app\Controllers\dashboard\calendar.php(40): CodeIgniter\Debug\Exceptions->errorHandler(8, 'Undefined prope...', 'C:\\laragon\\www\\...', 40, Array)
#1 C:\laragon\www\v1\vendor\codeigniter4\framework\system\CodeIgniter.php(928): App\Controllers\dashboard\calendar->store_apart()
#2 C:\laragon\www\v1\vendor\codeigniter4\framework\system\CodeIgniter.php(436): CodeIgniter\CodeIgniter->runController(Object(App\Controllers\dashboard\calendar))
#3 C:\laragon\www\v1\vendor\codeigniter4\framework\system\CodeIgniter.php(336): CodeIgniter\CodeIgniter->handleRequest(NULL, Object(Config\Cache), false)
#4 C:\laragon\www\v1\public\index.php(37): CodeIgniter\CodeIgniter->run()
#5 {main}
ERROR - 2021-09-26 22:07:11 --> Cannot add or update a child row: a foreign key constraint fails (`usuarios`.`calendar`, CONSTRAINT `id_user` FOREIGN KEY (`id_user`) REFERENCES `users` (`id`) ON DELETE NO ACTION ON UPDATE NO ACTION)
CRITICAL - 2021-09-26 22:07:11 --> Cannot add or update a child row: a foreign key constraint fails (`usuarios`.`calendar`, CONSTRAINT `id_user` FOREIGN KEY (`id_user`) REFERENCES `users` (`id`) ON DELETE NO ACTION ON UPDATE NO ACTION)
#0 C:\laragon\www\v1\vendor\codeigniter4\framework\system\Database\MySQLi\Connection.php(329): mysqli->query('INSERT INTO `ca...')
#1 C:\laragon\www\v1\vendor\codeigniter4\framework\system\Database\BaseConnection.php(732): CodeIgniter\Database\MySQLi\Connection->execute('INSERT INTO `ca...')
#2 C:\laragon\www\v1\vendor\codeigniter4\framework\system\Database\BaseConnection.php(647): CodeIgniter\Database\BaseConnection->simpleQuery('INSERT INTO `ca...')
#3 C:\laragon\www\v1\vendor\codeigniter4\framework\system\Database\BaseBuilder.php(2277): CodeIgniter\Database\BaseConnection->query('INSERT INTO `ca...', Array, false)
#4 C:\laragon\www\v1\vendor\codeigniter4\framework\system\Model.php(259): CodeIgniter\Database\BaseBuilder->insert()
#5 C:\laragon\www\v1\vendor\codeigniter4\framework\system\BaseModel.php(774): CodeIgniter\Model->doInsert(Array)
#6 C:\laragon\www\v1\vendor\codeigniter4\framework\system\Model.php(686): CodeIgniter\BaseModel->insert(Array, false)
#7 C:\laragon\www\v1\vendor\codeigniter4\framework\system\BaseModel.php(687): CodeIgniter\Model->insert(Object(App\Entities\EntityCalendar), false)
#8 C:\laragon\www\v1\app\Controllers\dashboard\calendar.php(47): CodeIgniter\BaseModel->save(Object(App\Entities\EntityCalendar))
#9 C:\laragon\www\v1\vendor\codeigniter4\framework\system\CodeIgniter.php(928): App\Controllers\dashboard\calendar->store_apart()
#10 C:\laragon\www\v1\vendor\codeigniter4\framework\system\CodeIgniter.php(436): CodeIgniter\CodeIgniter->runController(Object(App\Controllers\dashboard\calendar))
#11 C:\laragon\www\v1\vendor\codeigniter4\framework\system\CodeIgniter.php(336): CodeIgniter\CodeIgniter->handleRequest(NULL, Object(Config\Cache), false)
#12 C:\laragon\www\v1\public\index.php(37): CodeIgniter\CodeIgniter->run()
#13 {main}
ERROR - 2021-09-26 22:08:08 --> Cannot add or update a child row: a foreign key constraint fails (`usuarios`.`calendar`, CONSTRAINT `id_user` FOREIGN KEY (`id_user`) REFERENCES `users` (`id`) ON DELETE NO ACTION ON UPDATE CASCADE)
CRITICAL - 2021-09-26 22:08:08 --> Cannot add or update a child row: a foreign key constraint fails (`usuarios`.`calendar`, CONSTRAINT `id_user` FOREIGN KEY (`id_user`) REFERENCES `users` (`id`) ON DELETE NO ACTION ON UPDATE CASCADE)
#0 C:\laragon\www\v1\vendor\codeigniter4\framework\system\Database\MySQLi\Connection.php(329): mysqli->query('INSERT INTO `ca...')
#1 C:\laragon\www\v1\vendor\codeigniter4\framework\system\Database\BaseConnection.php(732): CodeIgniter\Database\MySQLi\Connection->execute('INSERT INTO `ca...')
#2 C:\laragon\www\v1\vendor\codeigniter4\framework\system\Database\BaseConnection.php(647): CodeIgniter\Database\BaseConnection->simpleQuery('INSERT INTO `ca...')
#3 C:\laragon\www\v1\vendor\codeigniter4\framework\system\Database\BaseBuilder.php(2277): CodeIgniter\Database\BaseConnection->query('INSERT INTO `ca...', Array, false)
#4 C:\laragon\www\v1\vendor\codeigniter4\framework\system\Model.php(259): CodeIgniter\Database\BaseBuilder->insert()
#5 C:\laragon\www\v1\vendor\codeigniter4\framework\system\BaseModel.php(774): CodeIgniter\Model->doInsert(Array)
#6 C:\laragon\www\v1\vendor\codeigniter4\framework\system\Model.php(686): CodeIgniter\BaseModel->insert(Array, false)
#7 C:\laragon\www\v1\vendor\codeigniter4\framework\system\BaseModel.php(687): CodeIgniter\Model->insert(Object(App\Entities\EntityCalendar), false)
#8 C:\laragon\www\v1\app\Controllers\dashboard\calendar.php(47): CodeIgniter\BaseModel->save(Object(App\Entities\EntityCalendar))
#9 C:\laragon\www\v1\vendor\codeigniter4\framework\system\CodeIgniter.php(928): App\Controllers\dashboard\calendar->store_apart()
#10 C:\laragon\www\v1\vendor\codeigniter4\framework\system\CodeIgniter.php(436): CodeIgniter\CodeIgniter->runController(Object(App\Controllers\dashboard\calendar))
#11 C:\laragon\www\v1\vendor\codeigniter4\framework\system\CodeIgniter.php(336): CodeIgniter\CodeIgniter->handleRequest(NULL, Object(Config\Cache), false)
#12 C:\laragon\www\v1\public\index.php(37): CodeIgniter\CodeIgniter->run()
#13 {main}
ERROR - 2021-09-26 22:08:33 --> Cannot add or update a child row: a foreign key constraint fails (`usuarios`.`calendar`, CONSTRAINT `id_user` FOREIGN KEY (`id_user`) REFERENCES `users` (`id`) ON DELETE CASCADE ON UPDATE CASCADE)
CRITICAL - 2021-09-26 22:08:33 --> Cannot add or update a child row: a foreign key constraint fails (`usuarios`.`calendar`, CONSTRAINT `id_user` FOREIGN KEY (`id_user`) REFERENCES `users` (`id`) ON DELETE CASCADE ON UPDATE CASCADE)
#0 C:\laragon\www\v1\vendor\codeigniter4\framework\system\Database\MySQLi\Connection.php(329): mysqli->query('INSERT INTO `ca...')
#1 C:\laragon\www\v1\vendor\codeigniter4\framework\system\Database\BaseConnection.php(732): CodeIgniter\Database\MySQLi\Connection->execute('INSERT INTO `ca...')
#2 C:\laragon\www\v1\vendor\codeigniter4\framework\system\Database\BaseConnection.php(647): CodeIgniter\Database\BaseConnection->simpleQuery('INSERT INTO `ca...')
#3 C:\laragon\www\v1\vendor\codeigniter4\framework\system\Database\BaseBuilder.php(2277): CodeIgniter\Database\BaseConnection->query('INSERT INTO `ca...', Array, false)
#4 C:\laragon\www\v1\vendor\codeigniter4\framework\system\Model.php(259): CodeIgniter\Database\BaseBuilder->insert()
#5 C:\laragon\www\v1\vendor\codeigniter4\framework\system\BaseModel.php(774): CodeIgniter\Model->doInsert(Array)
#6 C:\laragon\www\v1\vendor\codeigniter4\framework\system\Model.php(686): CodeIgniter\BaseModel->insert(Array, false)
#7 C:\laragon\www\v1\vendor\codeigniter4\framework\system\BaseModel.php(687): CodeIgniter\Model->insert(Object(App\Entities\EntityCalendar), false)
#8 C:\laragon\www\v1\app\Controllers\dashboard\calendar.php(47): CodeIgniter\BaseModel->save(Object(App\Entities\EntityCalendar))
#9 C:\laragon\www\v1\vendor\codeigniter4\framework\system\CodeIgniter.php(928): App\Controllers\dashboard\calendar->store_apart()
#10 C:\laragon\www\v1\vendor\codeigniter4\framework\system\CodeIgniter.php(436): CodeIgniter\CodeIgniter->runController(Object(App\Controllers\dashboard\calendar))
#11 C:\laragon\www\v1\vendor\codeigniter4\framework\system\CodeIgniter.php(336): CodeIgniter\CodeIgniter->handleRequest(NULL, Object(Config\Cache), false)
#12 C:\laragon\www\v1\public\index.php(37): CodeIgniter\CodeIgniter->run()
#13 {main}
CRITICAL - 2021-09-26 22:30:01 --> Call to undefined method App\Models\CalendarModel::addUser
#0 C:\laragon\www\v1\app\Controllers\dashboard\calendar.php(46): CodeIgniter\Model->__call('addUser', Array)
#1 C:\laragon\www\v1\vendor\codeigniter4\framework\system\CodeIgniter.php(928): App\Controllers\dashboard\calendar->store_apart()
#2 C:\laragon\www\v1\vendor\codeigniter4\framework\system\CodeIgniter.php(436): CodeIgniter\CodeIgniter->runController(Object(App\Controllers\dashboard\calendar))
#3 C:\laragon\www\v1\vendor\codeigniter4\framework\system\CodeIgniter.php(336): CodeIgniter\CodeIgniter->handleRequest(NULL, Object(Config\Cache), false)
#4 C:\laragon\www\v1\public\index.php(37): CodeIgniter\CodeIgniter->run()
#5 {main}
ERROR - 2021-09-26 22:34:35 --> Cannot add or update a child row: a foreign key constraint fails (`usuarios`.`calendar`, CONSTRAINT `id_user` FOREIGN KEY (`id_user`) REFERENCES `users` (`id`) ON DELETE CASCADE ON UPDATE CASCADE)
CRITICAL - 2021-09-26 22:34:35 --> Cannot add or update a child row: a foreign key constraint fails (`usuarios`.`calendar`, CONSTRAINT `id_user` FOREIGN KEY (`id_user`) REFERENCES `users` (`id`) ON DELETE CASCADE ON UPDATE CASCADE)
#0 C:\laragon\www\v1\vendor\codeigniter4\framework\system\Database\MySQLi\Connection.php(329): mysqli->query('INSERT INTO `ca...')
#1 C:\laragon\www\v1\vendor\codeigniter4\framework\system\Database\BaseConnection.php(732): CodeIgniter\Database\MySQLi\Connection->execute('INSERT INTO `ca...')
#2 C:\laragon\www\v1\vendor\codeigniter4\framework\system\Database\BaseConnection.php(647): CodeIgniter\Database\BaseConnection->simpleQuery('INSERT INTO `ca...')
#3 C:\laragon\www\v1\vendor\codeigniter4\framework\system\Database\BaseBuilder.php(2277): CodeIgniter\Database\BaseConnection->query('INSERT INTO `ca...', Array, false)
#4 C:\laragon\www\v1\vendor\codeigniter4\framework\system\Model.php(259): CodeIgniter\Database\BaseBuilder->insert()
#5 C:\laragon\www\v1\vendor\codeigniter4\framework\system\BaseModel.php(774): CodeIgniter\Model->doInsert(Array)
#6 C:\laragon\www\v1\vendor\codeigniter4\framework\system\Model.php(686): CodeIgniter\BaseModel->insert(Array, false)
#7 C:\laragon\www\v1\vendor\codeigniter4\framework\system\BaseModel.php(687): CodeIgniter\Model->insert(Object(App\Entities\EntityCalendar), false)
#8 C:\laragon\www\v1\app\Controllers\dashboard\calendar.php(48): CodeIgniter\BaseModel->save(Object(App\Entities\EntityCalendar))
#9 C:\laragon\www\v1\vendor\codeigniter4\framework\system\CodeIgniter.php(928): App\Controllers\dashboard\calendar->store_apart()
#10 C:\laragon\www\v1\vendor\codeigniter4\framework\system\CodeIgniter.php(436): CodeIgniter\CodeIgniter->runController(Object(App\Controllers\dashboard\calendar))
#11 C:\laragon\www\v1\vendor\codeigniter4\framework\system\CodeIgniter.php(336): CodeIgniter\CodeIgniter->handleRequest(NULL, Object(Config\Cache), false)
#12 C:\laragon\www\v1\public\index.php(37): CodeIgniter\CodeIgniter->run()
#13 {main}
ERROR - 2021-09-26 22:36:10 --> Cannot add or update a child row: a foreign key constraint fails (`usuarios`.`calendar`, CONSTRAINT `id_user` FOREIGN KEY (`id_user`) REFERENCES `users` (`id`) ON DELETE CASCADE ON UPDATE CASCADE)
CRITICAL - 2021-09-26 22:36:10 --> Cannot add or update a child row: a foreign key constraint fails (`usuarios`.`calendar`, CONSTRAINT `id_user` FOREIGN KEY (`id_user`) REFERENCES `users` (`id`) ON DELETE CASCADE ON UPDATE CASCADE)
#0 C:\laragon\www\v1\vendor\codeigniter4\framework\system\Database\MySQLi\Connection.php(329): mysqli->query('INSERT INTO `ca...')
#1 C:\laragon\www\v1\vendor\codeigniter4\framework\system\Database\BaseConnection.php(732): CodeIgniter\Database\MySQLi\Connection->execute('INSERT INTO `ca...')
#2 C:\laragon\www\v1\vendor\codeigniter4\framework\system\Database\BaseConnection.php(647): CodeIgniter\Database\BaseConnection->simpleQuery('INSERT INTO `ca...')
#3 C:\laragon\www\v1\vendor\codeigniter4\framework\system\Database\BaseBuilder.php(2277): CodeIgniter\Database\BaseConnection->query('INSERT INTO `ca...', Array, false)
#4 C:\laragon\www\v1\vendor\codeigniter4\framework\system\Model.php(259): CodeIgniter\Database\BaseBuilder->insert()
#5 C:\laragon\www\v1\vendor\codeigniter4\framework\system\BaseModel.php(774): CodeIgniter\Model->doInsert(Array)
#6 C:\laragon\www\v1\vendor\codeigniter4\framework\system\Model.php(686): CodeIgniter\BaseModel->insert(Array, false)
#7 C:\laragon\www\v1\vendor\codeigniter4\framework\system\BaseModel.php(687): CodeIgniter\Model->insert(Object(App\Entities\EntityCalendar), false)
#8 C:\laragon\www\v1\app\Controllers\dashboard\calendar.php(48): CodeIgniter\BaseModel->save(Object(App\Entities\EntityCalendar))
#9 C:\laragon\www\v1\vendor\codeigniter4\framework\system\CodeIgniter.php(928): App\Controllers\dashboard\calendar->store_apart()
#10 C:\laragon\www\v1\vendor\codeigniter4\framework\system\CodeIgniter.php(436): CodeIgniter\CodeIgniter->runController(Object(App\Controllers\dashboard\calendar))
#11 C:\laragon\www\v1\vendor\codeigniter4\framework\system\CodeIgniter.php(336): CodeIgniter\CodeIgniter->handleRequest(NULL, Object(Config\Cache), false)
#12 C:\laragon\www\v1\public\index.php(37): CodeIgniter\CodeIgniter->run()
#13 {main}
ERROR - 2021-09-26 22:36:16 --> Cannot add or update a child row: a foreign key constraint fails (`usuarios`.`calendar`, CONSTRAINT `id_user` FOREIGN KEY (`id_user`) REFERENCES `users` (`id`) ON DELETE CASCADE ON UPDATE CASCADE)
CRITICAL - 2021-09-26 22:36:16 --> Cannot add or update a child row: a foreign key constraint fails (`usuarios`.`calendar`, CONSTRAINT `id_user` FOREIGN KEY (`id_user`) REFERENCES `users` (`id`) ON DELETE CASCADE ON UPDATE CASCADE)
#0 C:\laragon\www\v1\vendor\codeigniter4\framework\system\Database\MySQLi\Connection.php(329): mysqli->query('INSERT INTO `ca...')
#1 C:\laragon\www\v1\vendor\codeigniter4\framework\system\Database\BaseConnection.php(732): CodeIgniter\Database\MySQLi\Connection->execute('INSERT INTO `ca...')
#2 C:\laragon\www\v1\vendor\codeigniter4\framework\system\Database\BaseConnection.php(647): CodeIgniter\Database\BaseConnection->simpleQuery('INSERT INTO `ca...')
#3 C:\laragon\www\v1\vendor\codeigniter4\framework\system\Database\BaseBuilder.php(2277): CodeIgniter\Database\BaseConnection->query('INSERT INTO `ca...', Array, false)
#4 C:\laragon\www\v1\vendor\codeigniter4\framework\system\Model.php(259): CodeIgniter\Database\BaseBuilder->insert()
#5 C:\laragon\www\v1\vendor\codeigniter4\framework\system\BaseModel.php(774): CodeIgniter\Model->doInsert(Array)
#6 C:\laragon\www\v1\vendor\codeigniter4\framework\system\Model.php(686): CodeIgniter\BaseModel->insert(Array, false)
#7 C:\laragon\www\v1\vendor\codeigniter4\framework\system\BaseModel.php(687): CodeIgniter\Model->insert(Object(App\Entities\EntityCalendar), false)
#8 C:\laragon\www\v1\app\Controllers\dashboard\calendar.php(48): CodeIgniter\BaseModel->save(Object(App\Entities\EntityCalendar))
#9 C:\laragon\www\v1\vendor\codeigniter4\framework\system\CodeIgniter.php(928): App\Controllers\dashboard\calendar->store_apart()
#10 C:\laragon\www\v1\vendor\codeigniter4\framework\system\CodeIgniter.php(436): CodeIgniter\CodeIgniter->runController(Object(App\Controllers\dashboard\calendar))
#11 C:\laragon\www\v1\vendor\codeigniter4\framework\system\CodeIgniter.php(336): CodeIgniter\CodeIgniter->handleRequest(NULL, Object(Config\Cache), false)
#12 C:\laragon\www\v1\public\index.php(37): CodeIgniter\CodeIgniter->run()
#13 {main}
ERROR - 2021-09-26 22:37:48 --> Cannot add or update a child row: a foreign key constraint fails (`usuarios`.`calendar`, CONSTRAINT `id_user` FOREIGN KEY (`id_user`) REFERENCES `users` (`id`) ON DELETE CASCADE ON UPDATE CASCADE)
CRITICAL - 2021-09-26 22:37:48 --> Cannot add or update a child row: a foreign key constraint fails (`usuarios`.`calendar`, CONSTRAINT `id_user` FOREIGN KEY (`id_user`) REFERENCES `users` (`id`) ON DELETE CASCADE ON UPDATE CASCADE)
#0 C:\laragon\www\v1\vendor\codeigniter4\framework\system\Database\MySQLi\Connection.php(329): mysqli->query('INSERT INTO `ca...')
#1 C:\laragon\www\v1\vendor\codeigniter4\framework\system\Database\BaseConnection.php(732): CodeIgniter\Database\MySQLi\Connection->execute('INSERT INTO `ca...')
#2 C:\laragon\www\v1\vendor\codeigniter4\framework\system\Database\BaseConnection.php(647): CodeIgniter\Database\BaseConnection->simpleQuery('INSERT INTO `ca...')
#3 C:\laragon\www\v1\vendor\codeigniter4\framework\system\Database\BaseBuilder.php(2277): CodeIgniter\Database\BaseConnection->query('INSERT INTO `ca...', Array, false)
#4 C:\laragon\www\v1\vendor\codeigniter4\framework\system\Model.php(259): CodeIgniter\Database\BaseBuilder->insert()
#5 C:\laragon\www\v1\vendor\codeigniter4\framework\system\BaseModel.php(774): CodeIgniter\Model->doInsert(Array)
#6 C:\laragon\www\v1\vendor\codeigniter4\framework\system\Model.php(686): CodeIgniter\BaseModel->insert(Array, false)
#7 C:\laragon\www\v1\vendor\codeigniter4\framework\system\BaseModel.php(687): CodeIgniter\Model->insert(Object(App\Entities\EntityCalendar), false)
#8 C:\laragon\www\v1\app\Controllers\dashboard\calendar.php(48): CodeIgniter\BaseModel->save(Object(App\Entities\EntityCalendar))
#9 C:\laragon\www\v1\vendor\codeigniter4\framework\system\CodeIgniter.php(928): App\Controllers\dashboard\calendar->store_apart()
#10 C:\laragon\www\v1\vendor\codeigniter4\framework\system\CodeIgniter.php(436): CodeIgniter\CodeIgniter->runController(Object(App\Controllers\dashboard\calendar))
#11 C:\laragon\www\v1\vendor\codeigniter4\framework\system\CodeIgniter.php(336): CodeIgniter\CodeIgniter->handleRequest(NULL, Object(Config\Cache), false)
#12 C:\laragon\www\v1\public\index.php(37): CodeIgniter\CodeIgniter->run()
#13 {main}
ERROR - 2021-09-26 22:41:44 --> Cannot add or update a child row: a foreign key constraint fails (`usuarios`.`calendar`, CONSTRAINT `id_user` FOREIGN KEY (`id_user`) REFERENCES `users` (`id`) ON DELETE CASCADE ON UPDATE CASCADE)
CRITICAL - 2021-09-26 22:41:44 --> Cannot add or update a child row: a foreign key constraint fails (`usuarios`.`calendar`, CONSTRAINT `id_user` FOREIGN KEY (`id_user`) REFERENCES `users` (`id`) ON DELETE CASCADE ON UPDATE CASCADE)
#0 C:\laragon\www\v1\vendor\codeigniter4\framework\system\Database\MySQLi\Connection.php(329): mysqli->query('INSERT INTO `ca...')
#1 C:\laragon\www\v1\vendor\codeigniter4\framework\system\Database\BaseConnection.php(732): CodeIgniter\Database\MySQLi\Connection->execute('INSERT INTO `ca...')
#2 C:\laragon\www\v1\vendor\codeigniter4\framework\system\Database\BaseConnection.php(647): CodeIgniter\Database\BaseConnection->simpleQuery('INSERT INTO `ca...')
#3 C:\laragon\www\v1\vendor\codeigniter4\framework\system\Database\BaseBuilder.php(2277): CodeIgniter\Database\BaseConnection->query('INSERT INTO `ca...', Array, false)
#4 C:\laragon\www\v1\vendor\codeigniter4\framework\system\Model.php(259): CodeIgniter\Database\BaseBuilder->insert()
#5 C:\laragon\www\v1\vendor\codeigniter4\framework\system\BaseModel.php(774): CodeIgniter\Model->doInsert(Array)
#6 C:\laragon\www\v1\vendor\codeigniter4\framework\system\Model.php(686): CodeIgniter\BaseModel->insert(Array, false)
#7 C:\laragon\www\v1\vendor\codeigniter4\framework\system\BaseModel.php(687): CodeIgniter\Model->insert(Object(App\Entities\EntityCalendar), false)
#8 C:\laragon\www\v1\app\Controllers\dashboard\calendar.php(48): CodeIgniter\BaseModel->save(Object(App\Entities\EntityCalendar))
#9 C:\laragon\www\v1\vendor\codeigniter4\framework\system\CodeIgniter.php(928): App\Controllers\dashboard\calendar->store_apart()
#10 C:\laragon\www\v1\vendor\codeigniter4\framework\system\CodeIgniter.php(436): CodeIgniter\CodeIgniter->runController(Object(App\Controllers\dashboard\calendar))
#11 C:\laragon\www\v1\vendor\codeigniter4\framework\system\CodeIgniter.php(336): CodeIgniter\CodeIgniter->handleRequest(NULL, Object(Config\Cache), false)
#12 C:\laragon\www\v1\public\index.php(37): CodeIgniter\CodeIgniter->run()
#13 {main}
ERROR - 2021-09-26 22:53:55 --> Cannot add or update a child row: a foreign key constraint fails (`usuarios`.`calendar`, CONSTRAINT `FK_calendar_users` FOREIGN KEY (`id_user`) REFERENCES `users` (`id`) ON DELETE NO ACTION ON UPDATE NO ACTION)
CRITICAL - 2021-09-26 22:53:55 --> Cannot add or update a child row: a foreign key constraint fails (`usuarios`.`calendar`, CONSTRAINT `FK_calendar_users` FOREIGN KEY (`id_user`) REFERENCES `users` (`id`) ON DELETE NO ACTION ON UPDATE NO ACTION)
#0 C:\laragon\www\v1\vendor\codeigniter4\framework\system\Database\MySQLi\Connection.php(329): mysqli->query('INSERT INTO `ca...')
#1 C:\laragon\www\v1\vendor\codeigniter4\framework\system\Database\BaseConnection.php(732): CodeIgniter\Database\MySQLi\Connection->execute('INSERT INTO `ca...')
#2 C:\laragon\www\v1\vendor\codeigniter4\framework\system\Database\BaseConnection.php(647): CodeIgniter\Database\BaseConnection->simpleQuery('INSERT INTO `ca...')
#3 C:\laragon\www\v1\vendor\codeigniter4\framework\system\Database\BaseBuilder.php(2277): CodeIgniter\Database\BaseConnection->query('INSERT INTO `ca...', Array, false)
#4 C:\laragon\www\v1\vendor\codeigniter4\framework\system\Model.php(259): CodeIgniter\Database\BaseBuilder->insert()
#5 C:\laragon\www\v1\vendor\codeigniter4\framework\system\BaseModel.php(774): CodeIgniter\Model->doInsert(Array)
#6 C:\laragon\www\v1\vendor\codeigniter4\framework\system\Model.php(686): CodeIgniter\BaseModel->insert(Array, false)
#7 C:\laragon\www\v1\vendor\codeigniter4\framework\system\BaseModel.php(687): CodeIgniter\Model->insert(Object(App\Entities\EntityCalendar), false)
#8 C:\laragon\www\v1\app\Controllers\dashboard\calendar.php(48): CodeIgniter\BaseModel->save(Object(App\Entities\EntityCalendar))
#9 C:\laragon\www\v1\vendor\codeigniter4\framework\system\CodeIgniter.php(928): App\Controllers\dashboard\calendar->store_apart()
#10 C:\laragon\www\v1\vendor\codeigniter4\framework\system\CodeIgniter.php(436): CodeIgniter\CodeIgniter->runController(Object(App\Controllers\dashboard\calendar))
#11 C:\laragon\www\v1\vendor\codeigniter4\framework\system\CodeIgniter.php(336): CodeIgniter\CodeIgniter->handleRequest(NULL, Object(Config\Cache), false)
#12 C:\laragon\www\v1\public\index.php(37): CodeIgniter\CodeIgniter->run()
#13 {main}
ERROR - 2021-09-26 22:55:22 --> Cannot add or update a child row: a foreign key constraint fails (`usuarios`.`calendar`, CONSTRAINT `FK_calendar_users` FOREIGN KEY (`id_user`) REFERENCES `users` (`id`) ON DELETE NO ACTION ON UPDATE CASCADE)
CRITICAL - 2021-09-26 22:55:22 --> Cannot add or update a child row: a foreign key constraint fails (`usuarios`.`calendar`, CONSTRAINT `FK_calendar_users` FOREIGN KEY (`id_user`) REFERENCES `users` (`id`) ON DELETE NO ACTION ON UPDATE CASCADE)
#0 C:\laragon\www\v1\vendor\codeigniter4\framework\system\Database\MySQLi\Connection.php(329): mysqli->query('INSERT INTO `ca...')
#1 C:\laragon\www\v1\vendor\codeigniter4\framework\system\Database\BaseConnection.php(732): CodeIgniter\Database\MySQLi\Connection->execute('INSERT INTO `ca...')
#2 C:\laragon\www\v1\vendor\codeigniter4\framework\system\Database\BaseConnection.php(647): CodeIgniter\Database\BaseConnection->simpleQuery('INSERT INTO `ca...')
#3 C:\laragon\www\v1\vendor\codeigniter4\framework\system\Database\BaseBuilder.php(2277): CodeIgniter\Database\BaseConnection->query('INSERT INTO `ca...', Array, false)
#4 C:\laragon\www\v1\vendor\codeigniter4\framework\system\Model.php(259): CodeIgniter\Database\BaseBuilder->insert()
#5 C:\laragon\www\v1\vendor\codeigniter4\framework\system\BaseModel.php(774): CodeIgniter\Model->doInsert(Array)
#6 C:\laragon\www\v1\vendor\codeigniter4\framework\system\Model.php(686): CodeIgniter\BaseModel->insert(Array, false)
#7 C:\laragon\www\v1\vendor\codeigniter4\framework\system\BaseModel.php(687): CodeIgniter\Model->insert(Object(App\Entities\EntityCalendar), false)
#8 C:\laragon\www\v1\app\Controllers\dashboard\calendar.php(48): CodeIgniter\BaseModel->save(Object(App\Entities\EntityCalendar))
#9 C:\laragon\www\v1\vendor\codeigniter4\framework\system\CodeIgniter.php(928): App\Controllers\dashboard\calendar->store_apart()
#10 C:\laragon\www\v1\vendor\codeigniter4\framework\system\CodeIgniter.php(436): CodeIgniter\CodeIgniter->runController(Object(App\Controllers\dashboard\calendar))
#11 C:\laragon\www\v1\vendor\codeigniter4\framework\system\CodeIgniter.php(336): CodeIgniter\CodeIgniter->handleRequest(NULL, Object(Config\Cache), false)
#12 C:\laragon\www\v1\public\index.php(37): CodeIgniter\CodeIgniter->run()
#13 {main}
ERROR - 2021-09-26 23:11:27 --> Unknown column 'id_users' in 'where clause'
CRITICAL - 2021-09-26 23:11:27 --> Unknown column 'id_users' in 'where clause'
#0 C:\laragon\www\v1\vendor\codeigniter4\framework\system\Database\MySQLi\Connection.php(329): mysqli->query('SELECT *\nFROM `...')
#1 C:\laragon\www\v1\vendor\codeigniter4\framework\system\Database\BaseConnection.php(732): CodeIgniter\Database\MySQLi\Connection->execute('SELECT *\nFROM `...')
#2 C:\laragon\www\v1\vendor\codeigniter4\framework\system\Database\BaseConnection.php(647): CodeIgniter\Database\BaseConnection->simpleQuery('SELECT *\nFROM `...')
#3 C:\laragon\www\v1\vendor\codeigniter4\framework\system\Database\BaseBuilder.php(1881): CodeIgniter\Database\BaseConnection->query('SELECT *\nFROM `...', Array, false)
#4 C:\laragon\www\v1\app\Models\CalendarModel.php(49): CodeIgniter\Database\BaseBuilder->get()
#5 C:\laragon\www\v1\app\Controllers\dashboard\calendar.php(46): App\Models\CalendarModel->addUser('1')
#6 C:\laragon\www\v1\vendor\codeigniter4\framework\system\CodeIgniter.php(928): App\Controllers\dashboard\calendar->store_apart()
#7 C:\laragon\www\v1\vendor\codeigniter4\framework\system\CodeIgniter.php(436): CodeIgniter\CodeIgniter->runController(Object(App\Controllers\dashboard\calendar))
#8 C:\laragon\www\v1\vendor\codeigniter4\framework\system\CodeIgniter.php(336): CodeIgniter\CodeIgniter->handleRequest(NULL, Object(Config\Cache), false)
#9 C:\laragon\www\v1\public\index.php(37): CodeIgniter\CodeIgniter->run()
#10 {main}
ERROR - 2021-09-26 23:12:02 --> Cannot add or update a child row: a foreign key constraint fails (`usuarios`.`calendar`, CONSTRAINT `FK_calendar_users` FOREIGN KEY (`id_user`) REFERENCES `users` (`id`) ON DELETE NO ACTION ON UPDATE CASCADE)
CRITICAL - 2021-09-26 23:12:02 --> Cannot add or update a child row: a foreign key constraint fails (`usuarios`.`calendar`, CONSTRAINT `FK_calendar_users` FOREIGN KEY (`id_user`) REFERENCES `users` (`id`) ON DELETE NO ACTION ON UPDATE CASCADE)
#0 C:\laragon\www\v1\vendor\codeigniter4\framework\system\Database\MySQLi\Connection.php(329): mysqli->query('INSERT INTO `ca...')
#1 C:\laragon\www\v1\vendor\codeigniter4\framework\system\Database\BaseConnection.php(732): CodeIgniter\Database\MySQLi\Connection->execute('INSERT INTO `ca...')
#2 C:\laragon\www\v1\vendor\codeigniter4\framework\system\Database\BaseConnection.php(647): CodeIgniter\Database\BaseConnection->simpleQuery('INSERT INTO `ca...')
#3 C:\laragon\www\v1\vendor\codeigniter4\framework\system\Database\BaseBuilder.php(2277): CodeIgniter\Database\BaseConnection->query('INSERT INTO `ca...', Array, false)
#4 C:\laragon\www\v1\vendor\codeigniter4\framework\system\Model.php(259): CodeIgniter\Database\BaseBuilder->insert()
#5 C:\laragon\www\v1\vendor\codeigniter4\framework\system\BaseModel.php(774): CodeIgniter\Model->doInsert(Array)
#6 C:\laragon\www\v1\vendor\codeigniter4\framework\system\Model.php(686): CodeIgniter\BaseModel->insert(Array, false)
#7 C:\laragon\www\v1\vendor\codeigniter4\framework\system\BaseModel.php(687): CodeIgniter\Model->insert(Object(App\Entities\EntityCalendar), false)
#8 C:\laragon\www\v1\app\Controllers\dashboard\calendar.php(48): CodeIgniter\BaseModel->save(Object(App\Entities\EntityCalendar))
#9 C:\laragon\www\v1\vendor\codeigniter4\framework\system\CodeIgniter.php(928): App\Controllers\dashboard\calendar->store_apart()
#10 C:\laragon\www\v1\vendor\codeigniter4\framework\system\CodeIgniter.php(436): CodeIgniter\CodeIgniter->runController(Object(App\Controllers\dashboard\calendar))
#11 C:\laragon\www\v1\vendor\codeigniter4\framework\system\CodeIgniter.php(336): CodeIgniter\CodeIgniter->handleRequest(NULL, Object(Config\Cache), false)
#12 C:\laragon\www\v1\public\index.php(37): CodeIgniter\CodeIgniter->run()
#13 {main}
ERROR - 2021-09-26 23:15:07 --> Cannot add or update a child row: a foreign key constraint fails (`usuarios`.`calendar`, CONSTRAINT `FK_calendar_users` FOREIGN KEY (`id_user`) REFERENCES `users` (`id`) ON DELETE NO ACTION ON UPDATE CASCADE)
CRITICAL - 2021-09-26 23:15:07 --> Cannot add or update a child row: a foreign key constraint fails (`usuarios`.`calendar`, CONSTRAINT `FK_calendar_users` FOREIGN KEY (`id_user`) REFERENCES `users` (`id`) ON DELETE NO ACTION ON UPDATE CASCADE)
#0 C:\laragon\www\v1\vendor\codeigniter4\framework\system\Database\MySQLi\Connection.php(329): mysqli->query('INSERT INTO `ca...')
#1 C:\laragon\www\v1\vendor\codeigniter4\framework\system\Database\BaseConnection.php(732): CodeIgniter\Database\MySQLi\Connection->execute('INSERT INTO `ca...')
#2 C:\laragon\www\v1\vendor\codeigniter4\framework\system\Database\BaseConnection.php(647): CodeIgniter\Database\BaseConnection->simpleQuery('INSERT INTO `ca...')
#3 C:\laragon\www\v1\vendor\codeigniter4\framework\system\Database\BaseBuilder.php(2277): CodeIgniter\Database\BaseConnection->query('INSERT INTO `ca...', Array, false)
#4 C:\laragon\www\v1\vendor\codeigniter4\framework\system\Model.php(259): CodeIgniter\Database\BaseBuilder->insert()
#5 C:\laragon\www\v1\vendor\codeigniter4\framework\system\BaseModel.php(774): CodeIgniter\Model->doInsert(Array)
#6 C:\laragon\www\v1\vendor\codeigniter4\framework\system\Model.php(686): CodeIgniter\BaseModel->insert(Array, false)
#7 C:\laragon\www\v1\vendor\codeigniter4\framework\system\BaseModel.php(687): CodeIgniter\Model->insert(Object(App\Entities\EntityCalendar), false)
#8 C:\laragon\www\v1\app\Controllers\dashboard\calendar.php(48): CodeIgniter\BaseModel->save(Object(App\Entities\EntityCalendar))
#9 C:\laragon\www\v1\vendor\codeigniter4\framework\system\CodeIgniter.php(928): App\Controllers\dashboard\calendar->store_apart()
#10 C:\laragon\www\v1\vendor\codeigniter4\framework\system\CodeIgniter.php(436): CodeIgniter\CodeIgniter->runController(Object(App\Controllers\dashboard\calendar))
#11 C:\laragon\www\v1\vendor\codeigniter4\framework\system\CodeIgniter.php(336): CodeIgniter\CodeIgniter->handleRequest(NULL, Object(Config\Cache), false)
#12 C:\laragon\www\v1\public\index.php(37): CodeIgniter\CodeIgniter->run()
#13 {main}
ERROR - 2021-09-26 23:15:13 --> Cannot add or update a child row: a foreign key constraint fails (`usuarios`.`calendar`, CONSTRAINT `FK_calendar_users` FOREIGN KEY (`id_user`) REFERENCES `users` (`id`) ON DELETE NO ACTION ON UPDATE CASCADE)
CRITICAL - 2021-09-26 23:15:13 --> Cannot add or update a child row: a foreign key constraint fails (`usuarios`.`calendar`, CONSTRAINT `FK_calendar_users` FOREIGN KEY (`id_user`) REFERENCES `users` (`id`) ON DELETE NO ACTION ON UPDATE CASCADE)
#0 C:\laragon\www\v1\vendor\codeigniter4\framework\system\Database\MySQLi\Connection.php(329): mysqli->query('INSERT INTO `ca...')
#1 C:\laragon\www\v1\vendor\codeigniter4\framework\system\Database\BaseConnection.php(732): CodeIgniter\Database\MySQLi\Connection->execute('INSERT INTO `ca...')
#2 C:\laragon\www\v1\vendor\codeigniter4\framework\system\Database\BaseConnection.php(647): CodeIgniter\Database\BaseConnection->simpleQuery('INSERT INTO `ca...')
#3 C:\laragon\www\v1\vendor\codeigniter4\framework\system\Database\BaseBuilder.php(2277): CodeIgniter\Database\BaseConnection->query('INSERT INTO `ca...', Array, false)
#4 C:\laragon\www\v1\vendor\codeigniter4\framework\system\Model.php(259): CodeIgniter\Database\BaseBuilder->insert()
#5 C:\laragon\www\v1\vendor\codeigniter4\framework\system\BaseModel.php(774): CodeIgniter\Model->doInsert(Array)
#6 C:\laragon\www\v1\vendor\codeigniter4\framework\system\Model.php(686): CodeIgniter\BaseModel->insert(Array, false)
#7 C:\laragon\www\v1\vendor\codeigniter4\framework\system\BaseModel.php(687): CodeIgniter\Model->insert(Object(App\Entities\EntityCalendar), false)
#8 C:\laragon\www\v1\app\Controllers\dashboard\calendar.php(48): CodeIgniter\BaseModel->save(Object(App\Entities\EntityCalendar))
#9 C:\laragon\www\v1\vendor\codeigniter4\framework\system\CodeIgniter.php(928): App\Controllers\dashboard\calendar->store_apart()
#10 C:\laragon\www\v1\vendor\codeigniter4\framework\system\CodeIgniter.php(436): CodeIgniter\CodeIgniter->runController(Object(App\Controllers\dashboard\calendar))
#11 C:\laragon\www\v1\vendor\codeigniter4\framework\system\CodeIgniter.php(336): CodeIgniter\CodeIgniter->handleRequest(NULL, Object(Config\Cache), false)
#12 C:\laragon\www\v1\public\index.php(37): CodeIgniter\CodeIgniter->run()
#13 {main}
ERROR - 2021-09-26 23:15:30 --> Cannot add or update a child row: a foreign key constraint fails (`usuarios`.`calendar`, CONSTRAINT `FK_calendar_users` FOREIGN KEY (`id_user`) REFERENCES `users` (`id`) ON DELETE NO ACTION ON UPDATE CASCADE)
CRITICAL - 2021-09-26 23:15:30 --> Cannot add or update a child row: a foreign key constraint fails (`usuarios`.`calendar`, CONSTRAINT `FK_calendar_users` FOREIGN KEY (`id_user`) REFERENCES `users` (`id`) ON DELETE NO ACTION ON UPDATE CASCADE)
#0 C:\laragon\www\v1\vendor\codeigniter4\framework\system\Database\MySQLi\Connection.php(329): mysqli->query('INSERT INTO `ca...')
#1 C:\laragon\www\v1\vendor\codeigniter4\framework\system\Database\BaseConnection.php(732): CodeIgniter\Database\MySQLi\Connection->execute('INSERT INTO `ca...')
#2 C:\laragon\www\v1\vendor\codeigniter4\framework\system\Database\BaseConnection.php(647): CodeIgniter\Database\BaseConnection->simpleQuery('INSERT INTO `ca...')
#3 C:\laragon\www\v1\vendor\codeigniter4\framework\system\Database\BaseBuilder.php(2277): CodeIgniter\Database\BaseConnection->query('INSERT INTO `ca...', Array, false)
#4 C:\laragon\www\v1\vendor\codeigniter4\framework\system\Model.php(259): CodeIgniter\Database\BaseBuilder->insert()
#5 C:\laragon\www\v1\vendor\codeigniter4\framework\system\BaseModel.php(774): CodeIgniter\Model->doInsert(Array)
#6 C:\laragon\www\v1\vendor\codeigniter4\framework\system\Model.php(686): CodeIgniter\BaseModel->insert(Array, false)
#7 C:\laragon\www\v1\vendor\codeigniter4\framework\system\BaseModel.php(687): CodeIgniter\Model->insert(Object(App\Entities\EntityCalendar), false)
#8 C:\laragon\www\v1\app\Controllers\dashboard\calendar.php(48): CodeIgniter\BaseModel->save(Object(App\Entities\EntityCalendar))
#9 C:\laragon\www\v1\vendor\codeigniter4\framework\system\CodeIgniter.php(928): App\Controllers\dashboard\calendar->store_apart()
#10 C:\laragon\www\v1\vendor\codeigniter4\framework\system\CodeIgniter.php(436): CodeIgniter\CodeIgniter->runController(Object(App\Controllers\dashboard\calendar))
#11 C:\laragon\www\v1\vendor\codeigniter4\framework\system\CodeIgniter.php(336): CodeIgniter\CodeIgniter->handleRequest(NULL, Object(Config\Cache), false)
#12 C:\laragon\www\v1\public\index.php(37): CodeIgniter\CodeIgniter->run()
#13 {main}
ERROR - 2021-09-26 23:16:55 --> Cannot add or update a child row: a foreign key constraint fails (`usuarios`.`calendar`, CONSTRAINT `FK_calendar_users` FOREIGN KEY (`id_user`) REFERENCES `users` (`id`) ON DELETE NO ACTION ON UPDATE CASCADE)
CRITICAL - 2021-09-26 23:16:55 --> Cannot add or update a child row: a foreign key constraint fails (`usuarios`.`calendar`, CONSTRAINT `FK_calendar_users` FOREIGN KEY (`id_user`) REFERENCES `users` (`id`) ON DELETE NO ACTION ON UPDATE CASCADE)
#0 C:\laragon\www\v1\vendor\codeigniter4\framework\system\Database\MySQLi\Connection.php(329): mysqli->query('INSERT INTO `ca...')
#1 C:\laragon\www\v1\vendor\codeigniter4\framework\system\Database\BaseConnection.php(732): CodeIgniter\Database\MySQLi\Connection->execute('INSERT INTO `ca...')
#2 C:\laragon\www\v1\vendor\codeigniter4\framework\system\Database\BaseConnection.php(647): CodeIgniter\Database\BaseConnection->simpleQuery('INSERT INTO `ca...')
#3 C:\laragon\www\v1\vendor\codeigniter4\framework\system\Database\BaseBuilder.php(2277): CodeIgniter\Database\BaseConnection->query('INSERT INTO `ca...', Array, false)
#4 C:\laragon\www\v1\vendor\codeigniter4\framework\system\Model.php(259): CodeIgniter\Database\BaseBuilder->insert()
#5 C:\laragon\www\v1\vendor\codeigniter4\framework\system\BaseModel.php(774): CodeIgniter\Model->doInsert(Array)
#6 C:\laragon\www\v1\vendor\codeigniter4\framework\system\Model.php(686): CodeIgniter\BaseModel->insert(Array, false)
#7 C:\laragon\www\v1\vendor\codeigniter4\framework\system\BaseModel.php(687): CodeIgniter\Model->insert(Object(App\Entities\EntityCalendar), false)
#8 C:\laragon\www\v1\app\Controllers\dashboard\calendar.php(48): CodeIgniter\BaseModel->save(Object(App\Entities\EntityCalendar))
#9 C:\laragon\www\v1\vendor\codeigniter4\framework\system\CodeIgniter.php(928): App\Controllers\dashboard\calendar->store_apart()
#10 C:\laragon\www\v1\vendor\codeigniter4\framework\system\CodeIgniter.php(436): CodeIgniter\CodeIgniter->runController(Object(App\Controllers\dashboard\calendar))
#11 C:\laragon\www\v1\vendor\codeigniter4\framework\system\CodeIgniter.php(336): CodeIgniter\CodeIgniter->handleRequest(NULL, Object(Config\Cache), false)
#12 C:\laragon\www\v1\public\index.php(37): CodeIgniter\CodeIgniter->run()
#13 {main}
CRITICAL - 2021-09-26 23:19:48 --> Creating default object from empty value
#0 C:\laragon\www\v1\app\Models\CalendarModel.php(63): CodeIgniter\Debug\Exceptions->errorHandler(2, 'Creating defaul...', 'C:\\laragon\\www\\...', 63, Array)
#1 C:\laragon\www\v1\vendor\codeigniter4\framework\system\BaseModel.php(1541): App\Models\CalendarModel->storeCalendarInfo(Array)
#2 C:\laragon\www\v1\vendor\codeigniter4\framework\system\BaseModel.php(785): CodeIgniter\BaseModel->trigger('afterInsert', Array)
#3 C:\laragon\www\v1\vendor\codeigniter4\framework\system\Model.php(686): CodeIgniter\BaseModel->insert(Array, false)
#4 C:\laragon\www\v1\vendor\codeigniter4\framework\system\BaseModel.php(687): CodeIgniter\Model->insert(Object(App\Entities\EntityCalendar), false)
#5 C:\laragon\www\v1\app\Controllers\dashboard\calendar.php(48): CodeIgniter\BaseModel->save(Object(App\Entities\EntityCalendar))
#6 C:\laragon\www\v1\vendor\codeigniter4\framework\system\CodeIgniter.php(928): App\Controllers\dashboard\calendar->store_apart()
#7 C:\laragon\www\v1\vendor\codeigniter4\framework\system\CodeIgniter.php(436): CodeIgniter\CodeIgniter->runController(Object(App\Controllers\dashboard\calendar))
#8 C:\laragon\www\v1\vendor\codeigniter4\framework\system\CodeIgniter.php(336): CodeIgniter\CodeIgniter->handleRequest(NULL, Object(Config\Cache), false)
#9 C:\laragon\www\v1\public\index.php(37): CodeIgniter\CodeIgniter->run()
#10 {main}
CRITICAL - 2021-09-26 23:25:02 --> Call to a member function insert() on null
#0 C:\laragon\www\v1\vendor\codeigniter4\framework\system\BaseModel.php(1541): App\Models\CalendarModel->storeCalendarInfo(Array)
#1 C:\laragon\www\v1\vendor\codeigniter4\framework\system\BaseModel.php(785): CodeIgniter\BaseModel->trigger('afterInsert', Array)
#2 C:\laragon\www\v1\vendor\codeigniter4\framework\system\Model.php(686): CodeIgniter\BaseModel->insert(Array, false)
#3 C:\laragon\www\v1\vendor\codeigniter4\framework\system\BaseModel.php(687): CodeIgniter\Model->insert(Object(App\Entities\EntityCalendar), false)
#4 C:\laragon\www\v1\app\Controllers\dashboard\calendar.php(48): CodeIgniter\BaseModel->save(Object(App\Entities\EntityCalendar))
#5 C:\laragon\www\v1\vendor\codeigniter4\framework\system\CodeIgniter.php(928): App\Controllers\dashboard\calendar->store_apart()
#6 C:\laragon\www\v1\vendor\codeigniter4\framework\system\CodeIgniter.php(436): CodeIgniter\CodeIgniter->runController(Object(App\Controllers\dashboard\calendar))
#7 C:\laragon\www\v1\vendor\codeigniter4\framework\system\CodeIgniter.php(336): CodeIgniter\CodeIgniter->handleRequest(NULL, Object(Config\Cache), false)
#8 C:\laragon\www\v1\public\index.php(37): CodeIgniter\CodeIgniter->run()
#9 {main}
CRITICAL - 2021-09-26 23:27:44 --> Undefined index: id_user
#0 C:\laragon\www\v1\app\Models\CalendarModel.php(63): CodeIgniter\Debug\Exceptions->errorHandler(8, 'Undefined index...', 'C:\\laragon\\www\\...', 63, Array)
#1 C:\laragon\www\v1\vendor\codeigniter4\framework\system\BaseModel.php(1541): App\Models\CalendarModel->storeCalendarInfo(Array)
#2 C:\laragon\www\v1\vendor\codeigniter4\framework\system\BaseModel.php(785): CodeIgniter\BaseModel->trigger('afterInsert', Array)
#3 C:\laragon\www\v1\vendor\codeigniter4\framework\system\Model.php(686): CodeIgniter\BaseModel->insert(Array, false)
#4 C:\laragon\www\v1\vendor\codeigniter4\framework\system\BaseModel.php(687): CodeIgniter\Model->insert(Object(App\Entities\EntityCalendar), false)
#5 C:\laragon\www\v1\app\Controllers\dashboard\calendar.php(48): CodeIgniter\BaseModel->save(Object(App\Entities\EntityCalendar))
#6 C:\laragon\www\v1\vendor\codeigniter4\framework\system\CodeIgniter.php(928): App\Controllers\dashboard\calendar->store_apart()
#7 C:\laragon\www\v1\vendor\codeigniter4\framework\system\CodeIgniter.php(436): CodeIgniter\CodeIgniter->runController(Object(App\Controllers\dashboard\calendar))
#8 C:\laragon\www\v1\vendor\codeigniter4\framework\system\CodeIgniter.php(336): CodeIgniter\CodeIgniter->handleRequest(NULL, Object(Config\Cache), false)
#9 C:\laragon\www\v1\public\index.php(37): CodeIgniter\CodeIgniter->run()
#10 {main}
CRITICAL - 2021-09-26 23:29:03 --> Undefined index: id_user
#0 C:\laragon\www\v1\app\Models\CalendarModel.php(63): CodeIgniter\Debug\Exceptions->errorHandler(8, 'Undefined index...', 'C:\\laragon\\www\\...', 63, Array)
#1 C:\laragon\www\v1\vendor\codeigniter4\framework\system\BaseModel.php(1541): App\Models\CalendarModel->storeCalendarInfo(Array)
#2 C:\laragon\www\v1\vendor\codeigniter4\framework\system\BaseModel.php(785): CodeIgniter\BaseModel->trigger('afterInsert', Array)
#3 C:\laragon\www\v1\vendor\codeigniter4\framework\system\Model.php(686): CodeIgniter\BaseModel->insert(Array, false)
#4 C:\laragon\www\v1\vendor\codeigniter4\framework\system\BaseModel.php(687): CodeIgniter\Model->insert(Object(App\Entities\EntityCalendar), false)
#5 C:\laragon\www\v1\app\Controllers\dashboard\calendar.php(48): CodeIgniter\BaseModel->save(Object(App\Entities\EntityCalendar))
#6 C:\laragon\www\v1\vendor\codeigniter4\framework\system\CodeIgniter.php(928): App\Controllers\dashboard\calendar->store_apart()
#7 C:\laragon\www\v1\vendor\codeigniter4\framework\system\CodeIgniter.php(436): CodeIgniter\CodeIgniter->runController(Object(App\Controllers\dashboard\calendar))
#8 C:\laragon\www\v1\vendor\codeigniter4\framework\system\CodeIgniter.php(336): CodeIgniter\CodeIgniter->handleRequest(NULL, Object(Config\Cache), false)
#9 C:\laragon\www\v1\public\index.php(37): CodeIgniter\CodeIgniter->run()
#10 {main}
CRITICAL - 2021-09-26 23:30:07 --> Undefined index: id_user
#0 C:\laragon\www\v1\app\Models\CalendarModel.php(63): CodeIgniter\Debug\Exceptions->errorHandler(8, 'Undefined index...', 'C:\\laragon\\www\\...', 63, Array)
#1 C:\laragon\www\v1\vendor\codeigniter4\framework\system\BaseModel.php(1541): App\Models\CalendarModel->storeCalendarInfo(Array)
#2 C:\laragon\www\v1\vendor\codeigniter4\framework\system\BaseModel.php(785): CodeIgniter\BaseModel->trigger('afterInsert', Array)
#3 C:\laragon\www\v1\vendor\codeigniter4\framework\system\Model.php(686): CodeIgniter\BaseModel->insert(Array, false)
#4 C:\laragon\www\v1\vendor\codeigniter4\framework\system\BaseModel.php(687): CodeIgniter\Model->insert(Object(App\Entities\EntityCalendar), false)
#5 C:\laragon\www\v1\app\Controllers\dashboard\calendar.php(48): CodeIgniter\BaseModel->save(Object(App\Entities\EntityCalendar))
#6 C:\laragon\www\v1\vendor\codeigniter4\framework\system\CodeIgniter.php(928): App\Controllers\dashboard\calendar->store_apart()
#7 C:\laragon\www\v1\vendor\codeigniter4\framework\system\CodeIgniter.php(436): CodeIgniter\CodeIgniter->runController(Object(App\Controllers\dashboard\calendar))
#8 C:\laragon\www\v1\vendor\codeigniter4\framework\system\CodeIgniter.php(336): CodeIgniter\CodeIgniter->handleRequest(NULL, Object(Config\Cache), false)
#9 C:\laragon\www\v1\public\index.php(37): CodeIgniter\CodeIgniter->run()
#10 {main}
CRITICAL - 2021-09-26 23:46:44 --> Call to a member function insert() on null
#0 C:\laragon\www\v1\vendor\codeigniter4\framework\system\BaseModel.php(1541): App\Models\CalendarModel->storeCalendarInfo(Array)
#1 C:\laragon\www\v1\vendor\codeigniter4\framework\system\BaseModel.php(785): CodeIgniter\BaseModel->trigger('afterInsert', Array)
#2 C:\laragon\www\v1\vendor\codeigniter4\framework\system\Model.php(686): CodeIgniter\BaseModel->insert(Array, false)
#3 C:\laragon\www\v1\vendor\codeigniter4\framework\system\BaseModel.php(687): CodeIgniter\Model->insert(Object(App\Entities\EntityCalendar), false)
#4 C:\laragon\www\v1\app\Controllers\dashboard\calendar.php(48): CodeIgniter\BaseModel->save(Object(App\Entities\EntityCalendar))
#5 C:\laragon\www\v1\vendor\codeigniter4\framework\system\CodeIgniter.php(928): App\Controllers\dashboard\calendar->store_apart()
#6 C:\laragon\www\v1\vendor\codeigniter4\framework\system\CodeIgniter.php(436): CodeIgniter\CodeIgniter->runController(Object(App\Controllers\dashboard\calendar))
#7 C:\laragon\www\v1\vendor\codeigniter4\framework\system\CodeIgniter.php(336): CodeIgniter\CodeIgniter->handleRequest(NULL, Object(Config\Cache), false)
#8 C:\laragon\www\v1\public\index.php(37): CodeIgniter\CodeIgniter->run()
#9 {main}
CRITICAL - 2021-09-26 23:47:26 --> Call to a member function insert() on null
#0 C:\laragon\www\v1\vendor\codeigniter4\framework\system\BaseModel.php(1541): App\Models\CalendarModel->storeCalendarInfo(Array)
#1 C:\laragon\www\v1\vendor\codeigniter4\framework\system\BaseModel.php(785): CodeIgniter\BaseModel->trigger('afterInsert', Array)
#2 C:\laragon\www\v1\vendor\codeigniter4\framework\system\Model.php(686): CodeIgniter\BaseModel->insert(Array, false)
#3 C:\laragon\www\v1\vendor\codeigniter4\framework\system\BaseModel.php(687): CodeIgniter\Model->insert(Object(App\Entities\EntityCalendar), false)
#4 C:\laragon\www\v1\app\Controllers\dashboard\calendar.php(48): CodeIgniter\BaseModel->save(Object(App\Entities\EntityCalendar))
#5 C:\laragon\www\v1\vendor\codeigniter4\framework\system\CodeIgniter.php(928): App\Controllers\dashboard\calendar->store_apart()
#6 C:\laragon\www\v1\vendor\codeigniter4\framework\system\CodeIgniter.php(436): CodeIgniter\CodeIgniter->runController(Object(App\Controllers\dashboard\calendar))
#7 C:\laragon\www\v1\vendor\codeigniter4\framework\system\CodeIgniter.php(336): CodeIgniter\CodeIgniter->handleRequest(NULL, Object(Config\Cache), false)
#8 C:\laragon\www\v1\public\index.php(37): CodeIgniter\CodeIgniter->run()
#9 {main}
CRITICAL - 2021-09-26 23:50:47 --> storeCalendarInfo is not a valid Model Event callback.
#0 C:\laragon\www\v1\vendor\codeigniter4\framework\system\BaseModel.php(1538): CodeIgniter\Database\Exceptions\DataException::forInvalidMethodTriggered('storeCalendarIn...')
#1 C:\laragon\www\v1\vendor\codeigniter4\framework\system\BaseModel.php(785): CodeIgniter\BaseModel->trigger('afterInsert', Array)
#2 C:\laragon\www\v1\vendor\codeigniter4\framework\system\Model.php(686): CodeIgniter\BaseModel->insert(Array, false)
#3 C:\laragon\www\v1\vendor\codeigniter4\framework\system\BaseModel.php(687): CodeIgniter\Model->insert(Object(App\Entities\EntityCalendar), false)
#4 C:\laragon\www\v1\app\Controllers\dashboard\calendar.php(48): CodeIgniter\BaseModel->save(Object(App\Entities\EntityCalendar))
#5 C:\laragon\www\v1\vendor\codeigniter4\framework\system\CodeIgniter.php(928): App\Controllers\dashboard\calendar->store_apart()
#6 C:\laragon\www\v1\vendor\codeigniter4\framework\system\CodeIgniter.php(436): CodeIgniter\CodeIgniter->runController(Object(App\Controllers\dashboard\calendar))
#7 C:\laragon\www\v1\vendor\codeigniter4\framework\system\CodeIgniter.php(336): CodeIgniter\CodeIgniter->handleRequest(NULL, Object(Config\Cache), false)
#8 C:\laragon\www\v1\public\index.php(37): CodeIgniter\CodeIgniter->run()
#9 {main}
